Mar 21, 2020 1:52:20 AM CommandLineInterface.PlayerManagement signUp
INFO: USER: h
Mar 21, 2020 1:52:20 AM CommandLineInterface.PlayerManagement signUp
INFO: CREATED_AT:2020/03/21 01:52:20
Mar 21, 2020 1:52:20 AM CommandLineInterface.PlayerManagement signUp
INFO: PASSWORD: h
Mar 21, 2020 1:52:20 AM CommandLineInterface.PlayerManagement signUp
INFO: sign_up h
Mar 21, 2020 1:52:23 AM CommandLineInterface.CLI secondPage
INFO: Navigate: Collections
Mar 21, 2020 1:52:29 AM CommandLineInterface.CollectionManagement CollectionPage
INFO: Show My Deck.
Mar 21, 2020 1:52:33 AM CommandLineInterface.CollectionManagement CollectionPage
INFO: Show All of my cards.
Mar 21, 2020 1:52:47 AM Player.Player addToDeck
INFO: Add: Young PriestessHeroe Name: Mage
Mar 21, 2020 1:52:51 AM CommandLineInterface.CollectionManagement CollectionPage
INFO: Show My Deck.
Mar 21, 2020 1:53:00 AM Player.Player addToDeck
INFO: Add: Young PriestessHeroe Name: Mage
Mar 21, 2020 1:53:07 AM CommandLineInterface.CollectionManagement CollectionPage
INFO: Show My Deck.
Mar 21, 2020 1:53:25 AM CommandLineInterface.CollectionManagement CollectionPage
INFO: Show My Deck.
Mar 21, 2020 1:53:37 AM Player.Player removeFromDeck
INFO: Remove: Young PriestessHeroe Name:Mage
Mar 21, 2020 1:53:42 AM CommandLineInterface.CollectionManagement CollectionPage
INFO: Show My Deck.
