Mar 19, 2020 11:33:42 PM CommandLineInterface.PlayerManagement signUp
INFO: USER: varzesh
Mar 19, 2020 11:33:42 PM CommandLineInterface.PlayerManagement signUp
INFO: PASSWORD: 3
Mar 19, 2020 11:33:42 PM CommandLineInterface.PlayerManagement signUp
INFO: CREATED_AT:2020/03/19 23:33:42
Mar 19, 2020 11:33:42 PM CommandLineInterface.PlayerManagement signUp
INFO: sign_up varzesh
Mar 19, 2020 11:33:44 PM CommandLineInterface.CLI secondPage
INFO: Navigate: Store
Mar 19, 2020 11:33:48 PM CommandLineInterface.PlayerManagement logOut
INFO: Log_out varzesh
Mar 19, 2020 11:34:49 PM CommandLineInterface.PlayerManagement signIn
INFO: sign_in varzesh
Mar 19, 2020 11:34:52 PM CommandLineInterface.CLI secondPage
INFO: Navigate: Collections
Mar 19, 2020 11:34:54 PM CommandLineInterface.PlayerManagement logOut
INFO: Log_out varzesh
Mar 19, 2020 11:35:43 PM CommandLineInterface.PlayerManagement signIn
INFO: sign_in varzesh
