May 06, 2020 1:31:02 AM CommandLineInterface.PlayerManagement signUp
INFO: USER: ali
May 06, 2020 1:31:02 AM CommandLineInterface.PlayerManagement signUp
INFO: CREATED_AT:2020/05/06 01:31:02
May 06, 2020 1:31:02 AM CommandLineInterface.PlayerManagement signUp
INFO: PASSWORD: ali
May 06, 2020 1:31:02 AM CommandLineInterface.PlayerManagement signUp
INFO: sign_up ali
May 06, 2020 1:31:03 AM Gui.Panels.MenuPanel.MainMenuPage$7 actionPerformed
INFO: Navigate into collection page
May 06, 2020 1:31:08 AM Gui.Panels.CollectionPages.CategoryPanelOfChangeDeck filterByClassOfCard
INFO: Show Neutral cards
May 06, 2020 1:32:24 AM Gui.Panels.CollectionPages.DeckViewer done
INFO: Make new deck
May 06, 2020 1:32:26 AM Gui.Panels.CollectionPages.ManaPanel$12 actionPerformed
INFO: Go back from collection page
May 06, 2020 1:32:27 AM CommandLineInterface.PlayerManagement logOut
INFO: Log_out ali
May 06, 2020 1:32:49 AM CommandLineInterface.PlayerManagement signIn
INFO: sign_in ali
May 06, 2020 1:32:50 AM Gui.Panels.MenuPanel.MainMenuPage$7 actionPerformed
INFO: Navigate into collection page
May 06, 2020 1:32:52 AM Gui.Panels.CollectionPages.DeckViewer done
INFO: Changed deck xxx
May 06, 2020 1:32:54 AM Gui.Panels.CollectionPages.ManaPanel$12 actionPerformed
INFO: Go back from collection page
May 06, 2020 1:33:00 AM Gui.Panels.CollectionPages.CategoryPanelOfChangeDeck selectDeck
INFO: select xxx for main deck
May 06, 2020 1:33:01 AM Gui.Panels.CollectionPages.DeckViewer done
INFO: Changed deck xxx
May 06, 2020 1:33:04 AM Gui.Panels.CollectionPages.ManaPanel$12 actionPerformed
INFO: Go back from collection page
May 06, 2020 1:33:06 AM Gui.Panels.MenuPanel.MainMenuPage$8 actionPerformed
INFO: Navigate into play page
May 06, 2020 1:33:10 AM Gui.Mapper endTurn
INFO: End turn
May 06, 2020 1:33:12 AM Gui.Mapper playCard
INFO: Play minion
May 06, 2020 1:33:17 AM CommandLineInterface.PlayerManagement logOut
INFO: Log_out ali
May 06, 2020 1:33:29 AM CommandLineInterface.PlayerManagement signIn
INFO: sign_in ali
May 06, 2020 1:33:31 AM Gui.Panels.MenuPanel.MainMenuPage$7 actionPerformed
INFO: Navigate into collection page
May 06, 2020 1:33:45 AM Gui.Panels.CollectionPages.CategoryPanelOfChangeDeck filterByClassOfCard
INFO: Show Neutral cards
May 06, 2020 1:33:48 AM Gui.Panels.CollectionPages.CategoryPanelOfChangeDeck filterByClassOfCard
INFO: Show Mage cards
May 06, 2020 1:34:00 AM Gui.Panels.CollectionPages.CategoryPanelOfChangeDeck filterByClassOfCard
INFO: Show Neutral cards
May 06, 2020 1:34:03 AM Gui.Panels.CollectionPages.DeckViewer done
INFO: Changed deck xxx
May 06, 2020 1:34:05 AM Gui.Panels.CollectionPages.ManaPanel$12 actionPerformed
INFO: Go back from collection page
May 06, 2020 1:34:06 AM Gui.Panels.MenuPanel.MainMenuPage$8 actionPerformed
INFO: Navigate into play page
