Jul 03, 2020 5:08:51 AM Controller.PlayerController signUp
INFO: USER: b
Jul 03, 2020 5:08:51 AM Controller.PlayerController signUp
INFO: CREATED_AT:2020/07/03 05:08:51
Jul 03, 2020 5:08:51 AM Controller.PlayerController signUp
INFO: PASSWORD: b
Jul 03, 2020 5:08:51 AM Controller.PlayerController signUp
INFO: sign_up b
Jul 03, 2020 5:09:01 AM Controller.Administer writeLog
INFO: Navigate into shop page
Jul 03, 2020 5:09:03 AM Controller.Administer writeLog
INFO: Show buyable cards
Jul 03, 2020 5:09:08 AM Models.Player.Player buy
INFO: Buy: BattleAxe
Jul 03, 2020 5:09:09 AM Models.Player.Player buy
INFO: Buy BattleAxe
Jul 03, 2020 5:09:14 AM Models.Player.Player buy
INFO: Buy: Ashbringer
Jul 03, 2020 5:09:15 AM Models.Player.Player buy
INFO: Buy Ashbringer
Jul 03, 2020 5:09:18 AM Controller.Administer writeLog
INFO: Back from shop page
Jul 03, 2020 5:09:20 AM Controller.Administer writeLog
INFO: Navigate into collection page
Jul 03, 2020 5:09:25 AM Controller.Administer showCardsOnCardPanelWithSpecifiedClass
INFO: Show Neutral cards
Jul 03, 2020 5:09:38 AM Controller.Administer writeLog
INFO: Make new Deck
Jul 03, 2020 5:09:42 AM Controller.Administer selectMainDeck
INFO: select b for main deck
Jul 03, 2020 5:09:44 AM View.Gui.Panels.CollectionPages.DeckViewer done
INFO: Changed deck b
Jul 03, 2020 5:09:46 AM Controller.Administer writeLog
INFO: Go back from collection page
Jul 03, 2020 5:09:48 AM Controller.Administer writeLog
INFO: Navigate into play page
Jul 03, 2020 5:09:55 AM View.Gui.Mapper endTurn
INFO: End turn
Jul 03, 2020 5:09:59 AM View.Gui.Mapper endTurn
INFO: End turn
Jul 03, 2020 5:10:05 AM View.Gui.Mapper endTurn
INFO: End turn
Jul 03, 2020 5:10:08 AM View.Gui.Mapper endTurn
INFO: End turn
Jul 03, 2020 5:10:13 AM View.Gui.Mapper endTurn
INFO: End turn
Jul 03, 2020 5:10:15 AM View.Gui.Mapper endTurn
INFO: End turn
Jul 03, 2020 5:10:20 AM View.Gui.Mapper endTurn
INFO: End turn
Jul 03, 2020 5:10:21 AM View.Gui.Mapper endTurn
INFO: End turn
Jul 03, 2020 5:10:32 AM View.Gui.Mapper endTurn
INFO: End turn
Jul 03, 2020 5:10:33 AM View.Gui.Mapper endTurn
INFO: End turn
Jul 03, 2020 5:10:41 AM View.Gui.Mapper endTurn
INFO: End turn
Jul 03, 2020 5:10:43 AM View.Gui.Mapper endTurn
INFO: End turn
Jul 03, 2020 5:10:46 AM View.Gui.Mapper playCard
INFO: Play Weapon
Jul 03, 2020 5:11:00 AM View.Gui.Mapper playCard
INFO: Play Weapon
Jul 03, 2020 5:11:10 AM View.Gui.Mapper endTurn
INFO: End turn
Jul 03, 2020 5:11:12 AM View.Gui.Mapper endTurn
INFO: End turn
Jul 03, 2020 5:11:16 AM View.Gui.Mapper playCard
INFO: Play minion
Jul 10, 2020 1:28:23 AM Controller.PlayerController signUp
INFO: USER: b
Jul 10, 2020 1:28:23 AM Controller.PlayerController signUp
INFO: CREATED_AT:2020/07/10 01:28:23
Jul 10, 2020 1:28:23 AM Controller.PlayerController signUp
INFO: PASSWORD: b
Jul 10, 2020 1:28:23 AM Controller.PlayerController signUp
INFO: sign_up b
Jul 10, 2020 1:28:25 AM Controller.Administer writeLog
INFO: Navigate into collection page
Jul 12, 2020 2:19:22 PM Controller.PlayerController signUp
INFO: USER: b
Jul 12, 2020 2:19:22 PM Controller.PlayerController signUp
INFO: CREATED_AT:2020/07/12 14:19:22
Jul 12, 2020 2:19:22 PM Controller.PlayerController signUp
INFO: PASSWORD: b
Jul 12, 2020 2:19:22 PM Controller.PlayerController signUp
INFO: sign_up b
Jul 12, 2020 2:19:24 PM Controller.Administer writeLog
INFO: Navigate into collection page
Jul 12, 2020 2:19:32 PM Controller.Administer showCardsOnCardPanelWithSpecifiedClass
INFO: Show Neutral cards
Jul 12, 2020 2:19:34 PM Controller.Administer showCardsOnCardPanelWithSpecifiedClass
INFO: Show Neutral cards
Jul 12, 2020 2:19:45 PM Controller.Administer selectMainDeck
INFO: select a for main deck
Jul 12, 2020 2:19:48 PM Controller.Administer writeLog
INFO: Make new Deck
Jul 12, 2020 2:19:50 PM Controller.Administer writeLog
INFO: Go back from collection page
Jul 12, 2020 2:19:52 PM Controller.Administer writeLog
INFO: Navigate into collection page
Jul 12, 2020 2:20:10 PM Controller.Administer selectMainDeck
INFO: select b for main deck
Jul 12, 2020 2:20:18 PM Controller.Administer writeLog
INFO: Make new Deck
Jul 12, 2020 2:20:20 PM Controller.Administer writeLog
INFO: Go back from collection page
