Apr 21, 2020 3:56:54 AM CommandLineInterface.PlayerManagement signUp
INFO: USER: c
Apr 21, 2020 3:56:54 AM CommandLineInterface.PlayerManagement signUp
INFO: CREATED_AT:2020/04/21 03:56:54
Apr 21, 2020 3:56:54 AM CommandLineInterface.PlayerManagement signUp
INFO: PASSWORD: c
Apr 21, 2020 3:56:54 AM CommandLineInterface.PlayerManagement signUp
INFO: sign_up c
Apr 21, 2020 3:57:21 AM CommandLineInterface.PlayerManagement logOut
INFO: Log_out c
Apr 21, 2020 4:11:20 AM CommandLineInterface.PlayerManagement signIn
INFO: sign_in c
Apr 21, 2020 4:12:46 AM CommandLineInterface.PlayerManagement signIn
INFO: sign_in c
Apr 28, 2020 5:29:56 AM CommandLineInterface.PlayerManagement signUp
INFO: USER: c
Apr 28, 2020 5:29:56 AM CommandLineInterface.PlayerManagement signUp
INFO: CREATED_AT:2020/04/28 05:29:56
Apr 28, 2020 5:29:56 AM CommandLineInterface.PlayerManagement signUp
INFO: PASSWORD: c
Apr 28, 2020 5:29:56 AM CommandLineInterface.PlayerManagement signUp
INFO: sign_up c
