May 06, 2020 2:33:06 AM CommandLineInterface.PlayerManagement signUp
INFO: USER: i
May 06, 2020 2:33:06 AM CommandLineInterface.PlayerManagement signUp
INFO: CREATED_AT:2020/05/06 02:33:06
May 06, 2020 2:33:06 AM CommandLineInterface.PlayerManagement signUp
INFO: PASSWORD: i
May 06, 2020 2:33:06 AM CommandLineInterface.PlayerManagement signUp
INFO: sign_up i
May 06, 2020 2:33:07 AM Gui.Panels.MenuPanel.MainMenuPage$7 actionPerformed
INFO: Navigate into collection page
May 06, 2020 2:33:13 AM Gui.Panels.CollectionPages.CategoryPanelOfChangeDeck filterByClassOfCard
INFO: Show Neutral cards
May 06, 2020 2:33:29 AM Gui.Panels.CollectionPages.DeckViewer done
INFO: Make new deck
May 06, 2020 2:33:31 AM Gui.Panels.CollectionPages.ManaPanel$12 actionPerformed
INFO: Go back from collection page
May 06, 2020 2:33:33 AM CommandLineInterface.PlayerManagement logOut
INFO: Log_out i
May 06, 2020 2:33:47 AM CommandLineInterface.PlayerManagement signIn
INFO: sign_in i
May 06, 2020 2:33:47 AM Gui.Panels.MenuPanel.MainMenuPage$7 actionPerformed
INFO: Navigate into collection page
May 06, 2020 2:33:51 AM Gui.Panels.CollectionPages.DeckViewer done
INFO: Changed deck i
May 06, 2020 2:34:02 AM Gui.Panels.CollectionPages.ManaPanel$12 actionPerformed
INFO: Go back from collection page
May 06, 2020 2:39:43 AM CommandLineInterface.PlayerManagement signIn
INFO: sign_in i
May 06, 2020 2:39:44 AM Gui.Panels.MenuPanel.MainMenuPage$7 actionPerformed
INFO: Navigate into collection page
May 06, 2020 2:39:47 AM Gui.Panels.CollectionPages.DeckViewer done
INFO: Changed deck i
May 06, 2020 2:39:48 AM Gui.Panels.CollectionPages.ManaPanel$12 actionPerformed
INFO: Go back from collection page
May 06, 2020 2:39:54 AM Gui.Panels.CollectionPages.CategoryPanelOfChangeDeck selectDeck
INFO: select i for main deck
May 06, 2020 2:39:59 AM Gui.Panels.CollectionPages.DeckViewer done
INFO: Changed deck i
May 06, 2020 2:40:01 AM Gui.Panels.CollectionPages.ManaPanel$12 actionPerformed
INFO: Go back from collection page
May 06, 2020 2:40:02 AM Gui.Panels.MenuPanel.MainMenuPage$8 actionPerformed
INFO: Navigate into play page
May 06, 2020 2:40:04 AM Gui.Mapper playCard
INFO: Play minion
May 06, 2020 2:40:06 AM Gui.Mapper endTurn
INFO: End turn
May 06, 2020 2:40:11 AM Gui.Panels.MenuPanel.MainMenuPage$7 actionPerformed
INFO: Navigate into collection page
May 06, 2020 2:40:27 AM Gui.Panels.CollectionPages.ManaPanel$12 actionPerformed
INFO: Go back from collection page
