May 05, 2020 6:42:55 PM CommandLineInterface.PlayerManagement signUp
INFO: USER: l
May 05, 2020 6:42:55 PM CommandLineInterface.PlayerManagement signUp
INFO: CREATED_AT:2020/05/05 18:42:55
May 05, 2020 6:42:55 PM CommandLineInterface.PlayerManagement signUp
INFO: PASSWORD: l
May 05, 2020 6:42:55 PM CommandLineInterface.PlayerManagement signUp
INFO: sign_up l
May 05, 2020 6:42:57 PM Gui.Panels.MenuPanel.MainMenuPage$8 actionPerformed
INFO: Navigate into play page
May 05, 2020 6:46:55 PM CommandLineInterface.PlayerManagement signUp
INFO: USER: l
May 05, 2020 6:46:55 PM CommandLineInterface.PlayerManagement signUp
INFO: CREATED_AT:2020/05/05 18:46:55
May 05, 2020 6:46:55 PM CommandLineInterface.PlayerManagement signUp
INFO: PASSWORD: l
May 05, 2020 6:46:55 PM CommandLineInterface.PlayerManagement signUp
INFO: sign_up l
May 05, 2020 6:47:01 PM Gui.Panels.CollectionPages.ManaPanel$12 actionPerformed
INFO: Go back from collection page
May 05, 2020 6:47:53 PM CommandLineInterface.PlayerManagement signUp
INFO: USER: l
May 05, 2020 6:47:53 PM CommandLineInterface.PlayerManagement signUp
INFO: CREATED_AT:2020/05/05 18:47:53
May 05, 2020 6:47:53 PM CommandLineInterface.PlayerManagement signUp
INFO: PASSWORD: l
May 05, 2020 6:47:53 PM CommandLineInterface.PlayerManagement signUp
INFO: sign_up l
May 05, 2020 6:47:58 PM Gui.Panels.CollectionPages.ManaPanel$12 actionPerformed
INFO: Go back from collection page
May 05, 2020 6:48:07 PM Gui.Panels.CollectionPages.CategoryPanelOfChangeDeck selectDeck
INFO: select sss for main deck
May 05, 2020 6:48:08 PM Gui.Panels.CollectionPages.ManaPanel$12 actionPerformed
INFO: Go back from collection page
May 05, 2020 6:48:12 PM Gui.Panels.CollectionPages.CategoryPanelOfChangeDeck filterByClassOfCard
INFO: Show Neutral cards
May 05, 2020 6:48:16 PM Gui.Panels.CollectionPages.DeckViewer done
INFO: Make new deck
May 05, 2020 6:48:20 PM Gui.Panels.CollectionPages.ManaPanel$12 actionPerformed
INFO: Go back from collection page
May 05, 2020 6:48:22 PM Gui.Panels.MenuPanel.MainMenuPage$8 actionPerformed
INFO: Navigate into play page
