Jul 04, 2020 6:33:35 PM Controller.PlayerController signUp
INFO: USER: m
Jul 04, 2020 6:33:35 PM Controller.PlayerController signUp
INFO: CREATED_AT:2020/07/04 18:33:35
Jul 04, 2020 6:33:35 PM Controller.PlayerController signUp
INFO: PASSWORD: m
Jul 04, 2020 6:33:35 PM Controller.PlayerController signUp
INFO: sign_up m
Jul 04, 2020 6:33:37 PM Controller.Administer writeLog
INFO: Navigate into collection page
Jul 04, 2020 6:33:42 PM Controller.Administer showCardsOnCardPanelWithSpecifiedClass
INFO: Show Neutral cards
Jul 09, 2020 9:48:59 PM Controller.PlayerController signUp
INFO: USER: m
Jul 09, 2020 9:48:59 PM Controller.PlayerController signUp
INFO: CREATED_AT:2020/07/09 21:48:59
Jul 09, 2020 9:48:59 PM Controller.PlayerController signUp
INFO: PASSWORD: m
Jul 09, 2020 9:48:59 PM Controller.PlayerController signUp
INFO: sign_up m
Jul 09, 2020 9:49:00 PM Controller.Administer writeLog
INFO: Navigate into collection page
Jul 09, 2020 9:49:08 PM Controller.Administer showCardsOnCardPanelWithSpecifiedClass
INFO: Show Neutral cards
Jul 09, 2020 9:49:17 PM Controller.Administer selectMainDeck
INFO: select magee for main deck
Jul 09, 2020 9:49:19 PM Controller.Administer writeLog
INFO: Make new Deck
Jul 09, 2020 9:49:21 PM Controller.Administer writeLog
INFO: Go back from collection page
Jul 09, 2020 9:49:24 PM Controller.Administer writeLog
INFO: Navigate into play page
Jul 09, 2020 9:49:30 PM View.Gui.Mapper endTurn
INFO: End turn
Jul 09, 2020 9:49:33 PM View.Gui.Mapper playCard
INFO: PlayMinion
Jul 09, 2020 9:49:43 PM View.Gui.Mapper endTurn
INFO: End turn
Jul 09, 2020 9:57:16 PM Controller.PlayerController signUp
INFO: USER: m
Jul 09, 2020 9:57:16 PM Controller.PlayerController signUp
INFO: CREATED_AT:2020/07/09 21:57:16
Jul 09, 2020 9:57:16 PM Controller.PlayerController signUp
INFO: PASSWORD: m
Jul 09, 2020 9:57:16 PM Controller.PlayerController signUp
INFO: sign_up m
Jul 09, 2020 9:57:20 PM Controller.Administer writeLog
INFO: Navigate into collection page
Jul 09, 2020 9:57:26 PM Controller.Administer showCardsOnCardPanelWithSpecifiedClass
INFO: Show Neutral cards
Jul 09, 2020 9:57:40 PM Controller.Administer selectMainDeck
INFO: select magee for main deck
Jul 09, 2020 9:57:42 PM Controller.Administer writeLog
INFO: Make new Deck
Jul 09, 2020 9:57:44 PM Controller.Administer writeLog
INFO: Go back from collection page
Jul 09, 2020 9:57:46 PM Controller.PlayerController logOut
INFO: Log_out m
Jul 09, 2020 9:58:02 PM Controller.PlayerController signIn
INFO: sign_in m
Jul 09, 2020 9:58:04 PM Controller.Administer writeLog
INFO: Navigate into play page
Jul 09, 2020 9:58:10 PM View.Gui.Mapper endTurn
INFO: End turn
Jul 09, 2020 9:58:13 PM View.Gui.Mapper playCard
INFO: PlayMinion
Jul 09, 2020 9:58:22 PM View.Gui.Mapper endTurn
INFO: End turn
Jul 09, 2020 9:58:35 PM View.Gui.Mapper endTurn
INFO: End turn
Jul 09, 2020 9:58:36 PM View.Gui.Mapper endTurn
INFO: End turn
Jul 09, 2020 10:00:13 PM Controller.PlayerController signIn
INFO: sign_in m
Jul 09, 2020 10:00:15 PM Controller.Administer writeLog
INFO: Navigate into play page
Jul 09, 2020 10:00:20 PM View.Gui.Mapper endTurn
INFO: End turn
Jul 09, 2020 10:00:23 PM View.Gui.Mapper endTurn
INFO: End turn
Jul 09, 2020 10:00:26 PM View.Gui.Mapper endTurn
INFO: End turn
Jul 09, 2020 10:00:29 PM View.Gui.Mapper playCard
INFO: PlayMinion
Jul 09, 2020 10:00:41 PM View.Gui.Mapper endTurn
INFO: End turn
Jul 09, 2020 10:07:26 PM Controller.PlayerController signIn
INFO: sign_in m
Jul 09, 2020 10:07:27 PM Controller.Administer writeLog
INFO: Navigate into play page
Jul 09, 2020 10:07:33 PM View.Gui.Mapper endTurn
INFO: End turn
Jul 09, 2020 10:07:35 PM View.Gui.Mapper playCard
INFO: PlayMinion
Jul 09, 2020 10:07:43 PM View.Gui.Mapper endTurn
INFO: End turn
Jul 09, 2020 10:09:15 PM Controller.PlayerController signIn
INFO: sign_in m
Jul 09, 2020 10:09:17 PM Controller.Administer writeLog
INFO: Navigate into play page
Jul 09, 2020 10:09:23 PM View.Gui.Mapper endTurn
INFO: End turn
Jul 09, 2020 10:09:26 PM View.Gui.Mapper playCard
INFO: PlayMinion
Jul 09, 2020 10:09:34 PM View.Gui.Mapper endTurn
INFO: End turn
Jul 09, 2020 10:11:35 PM Controller.PlayerController signIn
INFO: sign_in m
Jul 09, 2020 10:11:40 PM Controller.Administer writeLog
INFO: Navigate into play page
Jul 09, 2020 10:11:52 PM View.Gui.Mapper endTurn
INFO: End turn
Jul 09, 2020 10:11:54 PM View.Gui.Mapper playCard
INFO: PlayMinion
Jul 09, 2020 10:12:04 PM View.Gui.Mapper endTurn
INFO: End turn
Jul 09, 2020 10:18:44 PM Controller.PlayerController signIn
INFO: sign_in m
Jul 09, 2020 10:18:46 PM Controller.Administer writeLog
INFO: Navigate into play page
Jul 09, 2020 10:18:51 PM View.Gui.Mapper endTurn
INFO: End turn
Jul 09, 2020 10:18:53 PM View.Gui.Mapper playCard
INFO: PlayMinion
Jul 09, 2020 10:19:11 PM View.Gui.Mapper endTurn
INFO: End turn
Jul 09, 2020 10:22:01 PM Controller.PlayerController signIn
INFO: sign_in m
Jul 09, 2020 10:22:02 PM Controller.Administer writeLog
INFO: Navigate into play page
Jul 09, 2020 10:22:09 PM View.Gui.Mapper endTurn
INFO: End turn
Jul 09, 2020 10:22:11 PM View.Gui.Mapper playCard
INFO: PlayMinion
Jul 09, 2020 10:22:20 PM View.Gui.Mapper endTurn
INFO: End turn
Jul 09, 2020 10:24:05 PM Controller.PlayerController signIn
INFO: sign_in m
Jul 09, 2020 10:29:33 PM Controller.PlayerController signIn
INFO: sign_in m
Jul 09, 2020 10:31:18 PM Controller.PlayerController signIn
INFO: sign_in m
Jul 09, 2020 10:31:19 PM Controller.Administer writeLog
INFO: Navigate into play page
Jul 09, 2020 10:31:26 PM View.Gui.Mapper endTurn
INFO: End turn
Jul 09, 2020 10:31:28 PM View.Gui.Mapper playCard
INFO: PlayMinion
Jul 09, 2020 10:31:36 PM View.Gui.Mapper endTurn
INFO: End turn
Jul 09, 2020 10:32:50 PM Controller.PlayerController signIn
INFO: sign_in m
Jul 09, 2020 10:32:53 PM Controller.Administer writeLog
INFO: Navigate into play page
Jul 09, 2020 10:32:58 PM View.Gui.Mapper endTurn
INFO: End turn
Jul 09, 2020 10:33:00 PM View.Gui.Mapper playCard
INFO: PlayMinion
Jul 09, 2020 10:33:09 PM View.Gui.Mapper endTurn
INFO: End turn
Jul 09, 2020 10:37:07 PM Controller.PlayerController signIn
INFO: sign_in m
Jul 09, 2020 10:37:09 PM Controller.Administer writeLog
INFO: Navigate into play page
Jul 09, 2020 10:45:26 PM Controller.PlayerController signUp
INFO: USER: m
Jul 09, 2020 10:45:26 PM Controller.PlayerController signUp
INFO: CREATED_AT:2020/07/09 22:45:26
Jul 09, 2020 10:45:26 PM Controller.PlayerController signUp
INFO: PASSWORD: m
Jul 09, 2020 10:45:26 PM Controller.PlayerController signUp
INFO: sign_up m
Jul 09, 2020 10:45:27 PM Controller.Administer writeLog
INFO: Navigate into collection page
Jul 09, 2020 10:45:33 PM Controller.Administer showCardsOnCardPanelWithSpecifiedClass
INFO: Show Neutral cards
Jul 09, 2020 10:45:46 PM Controller.Administer selectMainDeck
INFO: select magee for main deck
Jul 09, 2020 10:45:48 PM Controller.Administer writeLog
INFO: Make new Deck
Jul 09, 2020 10:45:50 PM Controller.Administer writeLog
INFO: Go back from collection page
Jul 09, 2020 10:46:44 PM Controller.PlayerController signUp
INFO: USER: m
Jul 09, 2020 10:46:45 PM Controller.PlayerController signUp
INFO: CREATED_AT:2020/07/09 22:46:44
Jul 09, 2020 10:46:45 PM Controller.PlayerController signUp
INFO: PASSWORD: m
Jul 09, 2020 10:46:45 PM Controller.PlayerController signUp
INFO: sign_up m
Jul 09, 2020 10:46:46 PM Controller.Administer writeLog
INFO: Navigate into collection page
Jul 09, 2020 10:46:52 PM Controller.Administer showCardsOnCardPanelWithSpecifiedClass
INFO: Show Neutral cards
Jul 09, 2020 10:47:08 PM Controller.Administer selectMainDeck
INFO: select magee for main deck
Jul 09, 2020 10:47:10 PM Controller.Administer writeLog
INFO: Make new Deck
Jul 09, 2020 10:47:11 PM Controller.Administer writeLog
INFO: Go back from collection page
Jul 09, 2020 10:47:13 PM Controller.Administer writeLog
INFO: Navigate into play page
Jul 09, 2020 10:47:25 PM View.Gui.Mapper endTurn
INFO: End turn
Jul 09, 2020 10:47:30 PM View.Gui.Mapper playCard
INFO: PlayMinion
Jul 09, 2020 10:47:39 PM View.Gui.Mapper endTurn
INFO: End turn
