May 06, 2020 2:00:43 AM CommandLineInterface.PlayerManagement signUp
INFO: USER: mmm
May 06, 2020 2:00:43 AM CommandLineInterface.PlayerManagement signUp
INFO: CREATED_AT:2020/05/06 02:00:43
May 06, 2020 2:00:43 AM CommandLineInterface.PlayerManagement signUp
INFO: PASSWORD: mmm
May 06, 2020 2:00:43 AM CommandLineInterface.PlayerManagement signUp
INFO: sign_up mmm
May 06, 2020 2:00:47 AM Gui.Panels.MenuPanel.MainMenuPage$7 actionPerformed
INFO: Navigate into collection page
May 06, 2020 2:00:52 AM Gui.Panels.CollectionPages.CategoryPanelOfChangeDeck filterByClassOfCard
INFO: Show Neutral cards
May 06, 2020 2:01:08 AM Gui.Panels.CollectionPages.DeckViewer done
INFO: Make new deck
May 06, 2020 2:01:11 AM Gui.Panels.CollectionPages.ManaPanel$12 actionPerformed
INFO: Go back from collection page
May 06, 2020 2:01:14 AM CommandLineInterface.PlayerManagement logOut
INFO: Log_out mmm
May 06, 2020 2:01:27 AM CommandLineInterface.PlayerManagement signIn
INFO: sign_in mmm
May 06, 2020 2:01:31 AM Gui.Panels.MenuPanel.MainMenuPage$7 actionPerformed
INFO: Navigate into collection page
May 06, 2020 2:01:34 AM Gui.Panels.CollectionPages.DeckViewer done
INFO: Changed deck mmm
May 06, 2020 2:01:35 AM Gui.Panels.CollectionPages.ManaPanel$12 actionPerformed
INFO: Go back from collection page
May 06, 2020 2:01:40 AM Gui.Panels.CollectionPages.CategoryPanelOfChangeDeck selectDeck
INFO: select mmm for main deck
May 06, 2020 2:01:42 AM Gui.Panels.CollectionPages.DeckViewer done
INFO: Changed deck mmm
May 06, 2020 2:01:44 AM Gui.Panels.CollectionPages.ManaPanel$12 actionPerformed
INFO: Go back from collection page
May 06, 2020 2:01:46 AM Gui.Panels.MenuPanel.MainMenuPage$8 actionPerformed
INFO: Navigate into play page
May 06, 2020 2:01:48 AM Gui.Mapper endTurn
INFO: End turn
May 06, 2020 2:01:51 AM Gui.Mapper playCard
INFO: Play minion
May 06, 2020 2:01:55 AM Gui.Panels.MenuPanel.MainMenuPage$7 actionPerformed
INFO: Navigate into collection page
