Jul 04, 2020 6:41:44 PM Controller.PlayerController signUp
INFO: USER: n
Jul 04, 2020 6:41:44 PM Controller.PlayerController signUp
INFO: CREATED_AT:2020/07/04 18:41:44
Jul 04, 2020 6:41:44 PM Controller.PlayerController signUp
INFO: PASSWORD: n
Jul 04, 2020 6:41:44 PM Controller.PlayerController signUp
INFO: sign_up n
Jul 04, 2020 6:41:45 PM Controller.Administer writeLog
INFO: Navigate into collection page
Jul 04, 2020 6:41:51 PM Controller.Administer showCardsOnCardPanelWithSpecifiedClass
INFO: Show Neutral cards
Jul 04, 2020 6:42:26 PM Controller.Administer writeLog
INFO: Make new Deck
Jul 04, 2020 6:42:30 PM Controller.Administer selectMainDeck
INFO: select n for main deck
Jul 04, 2020 6:42:32 PM View.Gui.Panels.CollectionPages.DeckViewer done
INFO: Changed deck n
Jul 04, 2020 6:42:34 PM Controller.Administer writeLog
INFO: Go back from collection page
Jul 04, 2020 6:42:36 PM Controller.Administer writeLog
INFO: Navigate into play page
Jul 04, 2020 6:42:46 PM View.Gui.Mapper playCard
INFO: PlayMinion
Jul 04, 2020 6:42:53 PM View.Gui.Mapper endTurn
INFO: End turn
Jul 04, 2020 6:42:55 PM View.Gui.Mapper endTurn
INFO: End turn
Jul 04, 2020 6:42:59 PM View.Gui.Mapper playCard
INFO: PlayMinion
Jul 04, 2020 6:43:11 PM View.Gui.Mapper endTurn
INFO: End turn
Jul 04, 2020 6:43:13 PM View.Gui.Mapper endTurn
INFO: End turn
Jul 04, 2020 6:43:19 PM View.Gui.Mapper endTurn
INFO: End turn
Jul 04, 2020 6:43:23 PM View.Gui.Mapper endTurn
INFO: End turn
Jul 04, 2020 6:43:28 PM View.Gui.Mapper endTurn
INFO: End turn
Jul 04, 2020 6:43:32 PM View.Gui.Mapper endTurn
INFO: End turn
Jul 04, 2020 6:43:35 PM View.Gui.Mapper playCard
INFO: PlayMinion
