Jul 04, 2020 4:44:57 PM Controller.PlayerController signUp
INFO: USER: q
Jul 04, 2020 4:44:57 PM Controller.PlayerController signUp
INFO: CREATED_AT:2020/07/04 16:44:57
Jul 04, 2020 4:44:57 PM Controller.PlayerController signUp
INFO: PASSWORD: q
Jul 04, 2020 4:44:57 PM Controller.PlayerController signUp
INFO: sign_up q
Jul 04, 2020 4:45:00 PM Controller.Administer writeLog
INFO: Navigate into collection page
Jul 04, 2020 4:45:08 PM Controller.Administer showCardsOnCardPanelWithSpecifiedClass
INFO: Show Neutral cards
Jul 10, 2020 12:38:59 AM Controller.PlayerController signUp
INFO: USER: q
Jul 10, 2020 12:38:59 AM Controller.PlayerController signUp
INFO: CREATED_AT:2020/07/10 00:38:59
Jul 10, 2020 12:38:59 AM Controller.PlayerController signUp
INFO: PASSWORD: q
Jul 10, 2020 12:38:59 AM Controller.PlayerController signUp
INFO: sign_up q
Jul 10, 2020 12:39:00 AM Controller.Administer writeLog
INFO: Navigate into collection page
Jul 10, 2020 12:39:11 AM Controller.Administer showCardsOnCardPanelWithSpecifiedClass
INFO: Show Neutral cards
Jul 10, 2020 12:39:21 AM Controller.Administer selectMainDeck
INFO: select q for main deck
Jul 10, 2020 12:39:22 AM Controller.Administer writeLog
INFO: Make new Deck
Jul 10, 2020 12:39:24 AM Controller.Administer writeLog
INFO: Go back from collection page
Jul 10, 2020 12:39:26 AM Controller.Administer writeLog
INFO: Navigate into play page
Jul 10, 2020 12:39:39 AM Controller.Administer writeLog
INFO: Navigate into play page
Jul 10, 2020 12:40:16 AM Controller.Administer writeLog
INFO: Navigate into collection page
Jul 10, 2020 12:40:31 AM Controller.Administer selectMainDeck
INFO: select x for main deck
Jul 10, 2020 12:40:32 AM Controller.Administer writeLog
INFO: Make new Deck
Jul 10, 2020 12:40:34 AM Controller.Administer writeLog
INFO: Go back from collection page
Jul 10, 2020 12:40:39 AM Controller.Administer writeLog
INFO: Navigate into play page
Jul 10, 2020 12:40:56 AM Controller.PlayerController logOut
INFO: Log_out q
Jul 10, 2020 12:41:10 AM Controller.PlayerController signIn
INFO: sign_in q
Jul 10, 2020 12:41:15 AM Controller.Administer writeLog
INFO: Navigate into play page
Jul 10, 2020 12:42:38 AM Controller.PlayerController signIn
INFO: sign_in q
Jul 10, 2020 12:42:43 AM Controller.Administer writeLog
INFO: Navigate into play page
Jul 10, 2020 12:42:56 AM View.Gui.Mapper endTurn
INFO: End turn
Jul 10, 2020 12:43:02 AM View.Gui.Mapper endTurn
INFO: End turn
Jul 10, 2020 12:43:13 AM View.Gui.Mapper endTurn
INFO: End turn
Jul 10, 2020 12:43:19 AM Controller.Administer writeLog
INFO: Navigate into collection page
Jul 10, 2020 12:43:25 AM Controller.Administer showCardsOnCardPanelWithSpecifiedClass
INFO: Show Neutral cards
Jul 10, 2020 12:43:38 AM Controller.Administer selectMainDeck
INFO: select l for main deck
Jul 10, 2020 12:43:43 AM Controller.Administer writeLog
INFO: Make new Deck
Jul 10, 2020 12:43:44 AM Controller.Administer writeLog
INFO: Go back from collection page
Jul 10, 2020 12:43:46 AM Controller.Administer writeLog
INFO: Navigate into play page
Jul 10, 2020 12:45:40 AM Controller.PlayerController signIn
INFO: sign_in q
Jul 10, 2020 12:45:41 AM Controller.Administer writeLog
INFO: Navigate into collection page
Jul 10, 2020 12:45:52 AM Controller.Administer showCardsOnCardPanelWithSpecifiedClass
INFO: Show Neutral cards
Jul 10, 2020 12:46:06 AM Controller.Administer selectMainDeck
INFO: select l for main deck
Jul 10, 2020 12:46:08 AM Controller.Administer writeLog
INFO: Make new Deck
Jul 10, 2020 12:46:10 AM Controller.Administer writeLog
INFO: Go back from collection page
Jul 10, 2020 12:46:11 AM Controller.Administer writeLog
INFO: Navigate into play page
Jul 10, 2020 12:46:42 AM View.Gui.Mapper endTurn
INFO: End turn
Jul 10, 2020 12:46:47 AM Controller.Administer writeLog
INFO: Navigate into collection page
Jul 10, 2020 12:46:49 AM Controller.Administer selectMainDeck
INFO: select q for main deck
Jul 10, 2020 12:46:52 AM View.Gui.Panels.CollectionPages.DeckViewer done
INFO: Changed deck l
Jul 10, 2020 12:46:53 AM Controller.Administer writeLog
INFO: Go back from collection page
Jul 10, 2020 12:46:55 AM Controller.Administer writeLog
INFO: Navigate into play page
Jul 10, 2020 12:47:11 AM Controller.PlayerController logOut
INFO: Log_out q
