May 06, 2020 1:38:48 AM CommandLineInterface.PlayerManagement signUp
INFO: USER: qqq
May 06, 2020 1:38:48 AM CommandLineInterface.PlayerManagement signUp
INFO: CREATED_AT:2020/05/06 01:38:48
May 06, 2020 1:38:48 AM CommandLineInterface.PlayerManagement signUp
INFO: PASSWORD: qqq
May 06, 2020 1:38:48 AM CommandLineInterface.PlayerManagement signUp
INFO: sign_up qqq
May 06, 2020 1:38:50 AM Gui.Panels.MenuPanel.MainMenuPage$7 actionPerformed
INFO: Navigate into collection page
May 06, 2020 1:38:56 AM Gui.Panels.CollectionPages.CategoryPanelOfChangeDeck filterByClassOfCard
INFO: Show Neutral cards
May 06, 2020 1:39:04 AM Gui.Panels.CollectionPages.DeckViewer done
INFO: Make new deck
May 06, 2020 1:39:06 AM Gui.Panels.CollectionPages.ManaPanel$12 actionPerformed
INFO: Go back from collection page
May 06, 2020 1:39:08 AM CommandLineInterface.PlayerManagement logOut
INFO: Log_out qqq
May 06, 2020 1:39:22 AM CommandLineInterface.PlayerManagement signIn
INFO: sign_in qqq
May 06, 2020 1:39:25 AM Gui.Panels.MenuPanel.MainMenuPage$7 actionPerformed
INFO: Navigate into collection page
May 06, 2020 1:39:27 AM Gui.Panels.CollectionPages.DeckViewer done
INFO: Changed deck ccc
May 06, 2020 1:39:29 AM Gui.Panels.CollectionPages.ManaPanel$12 actionPerformed
INFO: Go back from collection page
May 06, 2020 1:39:35 AM Gui.Panels.CollectionPages.CategoryPanelOfChangeDeck selectDeck
INFO: select ccc for main deck
May 06, 2020 1:39:36 AM Gui.Panels.CollectionPages.DeckViewer done
INFO: Changed deck ccc
May 06, 2020 1:39:38 AM Gui.Panels.CollectionPages.ManaPanel$12 actionPerformed
INFO: Go back from collection page
May 06, 2020 1:39:39 AM Gui.Panels.MenuPanel.MainMenuPage$8 actionPerformed
INFO: Navigate into play page
May 06, 2020 1:39:41 AM Gui.Mapper endTurn
INFO: End turn
May 06, 2020 1:39:42 AM Gui.Mapper endTurn
INFO: End turn
May 06, 2020 1:39:44 AM Gui.Mapper playCard
INFO: Play minion
May 06, 2020 1:39:49 AM CommandLineInterface.PlayerManagement logOut
INFO: Log_out qqq
May 06, 2020 1:40:01 AM CommandLineInterface.PlayerManagement signIn
INFO: sign_in qqq
May 06, 2020 1:40:02 AM Gui.Panels.MenuPanel.MainMenuPage$7 actionPerformed
INFO: Navigate into collection page
May 07, 2020 7:12:45 PM CommandLineInterface.PlayerManagement signUp
INFO: USER: qqq
May 07, 2020 7:12:45 PM CommandLineInterface.PlayerManagement signUp
INFO: CREATED_AT:2020/05/07 19:12:45
May 07, 2020 7:12:45 PM CommandLineInterface.PlayerManagement signUp
INFO: PASSWORD: qqq
May 07, 2020 7:12:45 PM CommandLineInterface.PlayerManagement signUp
INFO: sign_up qqq
May 07, 2020 7:12:49 PM Controller.Administer writeLog
INFO: Navigate into collection page
May 07, 2020 7:12:58 PM Controller.Administer showCardsOnCardPanelWithSpecifiedClass
INFO: Show Neutral cards
May 07, 2020 7:13:12 PM Controller.Administer writeLog
INFO: Go back from collection page
May 07, 2020 7:13:13 PM Controller.Administer writeLog
INFO: Navigate into collection page
May 07, 2020 7:13:33 PM Controller.Administer showCardsWithSpecifiedManaCost
INFO: Show cards with mana: 1
May 07, 2020 7:13:35 PM Controller.Administer showCardsWithSpecifiedManaCost
INFO: Show cards with mana: 2
May 07, 2020 7:13:36 PM Controller.Administer showCardsWithSpecifiedManaCost
INFO: Show cards with mana: 3
May 07, 2020 7:13:37 PM Controller.Administer showCardsWithSpecifiedManaCost
INFO: Show cards with mana: 4
May 07, 2020 7:13:38 PM Controller.Administer showCardsWithSpecifiedManaCost
INFO: Show cards with mana: 5
May 07, 2020 7:13:39 PM Controller.Administer writeLog
INFO: Go back from collection page
