Jul 04, 2020 6:34:51 PM Controller.PlayerController signUp
INFO: USER: r
Jul 04, 2020 6:34:51 PM Controller.PlayerController signUp
INFO: CREATED_AT:2020/07/04 18:34:51
Jul 04, 2020 6:34:51 PM Controller.PlayerController signUp
INFO: PASSWORD: r
Jul 04, 2020 6:34:51 PM Controller.PlayerController signUp
INFO: sign_up r
Jul 04, 2020 6:34:52 PM Controller.Administer writeLog
INFO: Navigate into collection page
Jul 04, 2020 6:34:57 PM Controller.Administer showCardsOnCardPanelWithSpecifiedClass
INFO: Show Neutral cards
Jul 04, 2020 6:35:23 PM Controller.Administer writeLog
INFO: Go back from collection page
Jul 04, 2020 8:52:12 PM Controller.PlayerController signUp
INFO: USER: r
Jul 04, 2020 8:52:12 PM Controller.PlayerController signUp
INFO: CREATED_AT:2020/07/04 20:52:12
Jul 04, 2020 8:52:12 PM Controller.PlayerController signUp
INFO: PASSWORD: r
Jul 04, 2020 8:52:12 PM Controller.PlayerController signUp
INFO: sign_up r
Jul 04, 2020 8:52:22 PM Controller.Administer writeLog
INFO: Navigate into collection page
Jul 04, 2020 8:52:30 PM Controller.Administer showCardsOnCardPanelWithSpecifiedClass
INFO: Show Neutral cards
Jul 04, 2020 8:53:12 PM Controller.Administer writeLog
INFO: Make new Deck
Jul 04, 2020 8:53:15 PM Controller.Administer selectMainDeck
INFO: select dd for main deck
Jul 04, 2020 8:53:17 PM View.Gui.Panels.CollectionPages.DeckViewer done
INFO: Changed deck dd
Jul 04, 2020 8:53:19 PM Controller.Administer writeLog
INFO: Go back from collection page
Jul 04, 2020 8:53:23 PM Controller.Administer writeLog
INFO: Navigate into play page
Jul 04, 2020 8:53:30 PM View.Gui.Mapper endTurn
INFO: End turn
Jul 04, 2020 8:53:32 PM View.Gui.Mapper endTurn
INFO: End turn
Jul 04, 2020 8:53:49 PM View.Gui.Mapper endTurn
INFO: End turn
Jul 04, 2020 8:53:55 PM View.Gui.Mapper endTurn
INFO: End turn
Jul 04, 2020 8:54:10 PM View.Gui.Mapper endTurn
INFO: End turn
Jul 04, 2020 8:54:14 PM View.Gui.Mapper endTurn
INFO: End turn
Jul 04, 2020 8:54:17 PM View.Gui.Mapper endTurn
INFO: End turn
Jul 04, 2020 8:54:21 PM View.Gui.Mapper endTurn
INFO: End turn
Jul 04, 2020 8:54:33 PM View.Gui.Mapper endTurn
INFO: End turn
Jul 04, 2020 8:54:35 PM View.Gui.Mapper endTurn
INFO: End turn
Jul 04, 2020 8:54:40 PM View.Gui.Mapper endTurn
INFO: End turn
Jul 04, 2020 8:54:46 PM View.Gui.Mapper endTurn
INFO: End turn
Jul 04, 2020 8:54:53 PM View.Gui.Mapper playCard
INFO: PlayMinion
Jul 04, 2020 8:55:28 PM View.Gui.Mapper playCard
INFO: PlayMinion
Jul 04, 2020 8:56:00 PM View.Gui.Mapper playCard
INFO: PlayMinion
Jul 04, 2020 8:56:11 PM View.Gui.Mapper playCard
INFO: PlayMinion
Jul 04, 2020 8:56:25 PM View.Gui.Mapper endTurn
INFO: End turn
Jul 04, 2020 8:56:34 PM View.Gui.Mapper endTurn
INFO: End turn
Jul 04, 2020 8:56:45 PM View.Gui.Mapper endTurn
INFO: End turn
Jul 04, 2020 8:58:07 PM View.Gui.Mapper endTurn
INFO: End turn
Jul 04, 2020 8:58:25 PM View.Gui.Mapper playCard
INFO: PlayMinion
Jul 10, 2020 1:28:47 AM Controller.PlayerController signUp
INFO: USER: r
Jul 10, 2020 1:28:47 AM Controller.PlayerController signUp
INFO: CREATED_AT:2020/07/10 01:28:47
Jul 10, 2020 1:28:47 AM Controller.PlayerController signUp
INFO: PASSWORD: r
Jul 10, 2020 1:28:47 AM Controller.PlayerController signUp
INFO: sign_up r
Jul 10, 2020 1:28:48 AM Controller.Administer writeLog
INFO: Navigate into collection page
Jul 10, 2020 1:28:56 AM Controller.Administer showCardsOnCardPanelWithSpecifiedClass
INFO: Show Neutral cards
Jul 10, 2020 1:29:07 AM Controller.Administer selectMainDeck
INFO: select r for main deck
Jul 10, 2020 1:29:10 AM Controller.Administer writeLog
INFO: Make new Deck
Jul 10, 2020 1:29:13 AM Controller.Administer writeLog
INFO: Go back from collection page
Jul 10, 2020 1:29:14 AM Controller.Administer writeLog
INFO: Navigate into play page
Jul 10, 2020 1:29:27 AM Controller.Administer writeLog
INFO: Navigate into collection page
Jul 10, 2020 1:29:41 AM Controller.Administer selectMainDeck
INFO: select p for main deck
Jul 10, 2020 1:29:43 AM Controller.Administer writeLog
INFO: Make new Deck
Jul 10, 2020 1:29:44 AM Controller.Administer writeLog
INFO: Go back from collection page
Jul 10, 2020 1:29:46 AM Controller.Administer writeLog
INFO: Navigate into play page
Jul 10, 2020 1:29:56 AM Controller.PlayerController logOut
INFO: Log_out r
Jul 10, 2020 1:30:09 AM Controller.PlayerController signIn
INFO: sign_in r
Jul 10, 2020 1:30:12 AM Controller.Administer writeLog
INFO: Navigate into play page
Jul 10, 2020 1:30:24 AM Controller.Administer writeLog
INFO: Navigate into collection page
Jul 10, 2020 1:30:27 AM Controller.Administer selectMainDeck
INFO: select r for main deck
Jul 10, 2020 1:30:29 AM View.Gui.Panels.CollectionPages.DeckViewer done
INFO: Changed deck 
Jul 10, 2020 1:30:31 AM Controller.Administer writeLog
INFO: Go back from collection page
Jul 10, 2020 1:30:32 AM Controller.Administer writeLog
INFO: Navigate into play page
Jul 10, 2020 1:32:36 AM Controller.PlayerController signIn
INFO: sign_in r
Jul 10, 2020 1:32:41 AM Controller.Administer writeLog
INFO: Navigate into collection page
Jul 10, 2020 1:32:44 AM Controller.Administer selectMainDeck
INFO: select r for main deck
Jul 10, 2020 1:32:46 AM View.Gui.Panels.CollectionPages.DeckViewer done
INFO: Changed deck 
Jul 10, 2020 1:32:48 AM Controller.Administer writeLog
INFO: Go back from collection page
Jul 10, 2020 1:32:50 AM Controller.Administer writeLog
INFO: Navigate into play page
Jul 10, 2020 1:37:32 AM Controller.PlayerController signIn
INFO: sign_in r
Jul 10, 2020 1:37:33 AM Controller.Administer writeLog
INFO: Navigate into collection page
Jul 10, 2020 1:37:36 AM Controller.Administer selectMainDeck
INFO: select r for main deck
Jul 10, 2020 1:42:56 AM Controller.PlayerController signIn
INFO: sign_in r
Jul 10, 2020 1:42:58 AM Controller.Administer writeLog
INFO: Navigate into collection page
Jul 10, 2020 1:43:01 AM Controller.Administer selectMainDeck
INFO: select r for main deck
Jul 10, 2020 1:48:12 AM Controller.PlayerController signIn
INFO: sign_in r
Jul 10, 2020 1:48:16 AM Controller.Administer writeLog
INFO: Navigate into collection page
Jul 10, 2020 1:48:19 AM Controller.Administer selectMainDeck
INFO: select r for main deck
Jul 10, 2020 1:48:21 AM View.Gui.Panels.CollectionPages.DeckViewer done
INFO: Changed deck 
Jul 10, 2020 1:48:23 AM Controller.Administer writeLog
INFO: Go back from collection page
Jul 10, 2020 1:48:25 AM Controller.Administer writeLog
INFO: Navigate into play page
Jul 10, 2020 1:50:16 AM Controller.PlayerController signIn
INFO: sign_in r
Jul 10, 2020 1:50:18 AM Controller.Administer writeLog
INFO: Navigate into collection page
Jul 10, 2020 1:50:30 AM Controller.Administer showCardsOnCardPanelWithSpecifiedClass
INFO: Show Mage cards
Jul 10, 2020 1:50:32 AM Controller.Administer showCardsOnCardPanelWithSpecifiedClass
INFO: Show Neutral cards
Jul 10, 2020 1:50:41 AM Controller.Administer selectMainDeck
INFO: select x for main deck
Jul 10, 2020 1:50:43 AM Controller.Administer writeLog
INFO: Make new Deck
Jul 10, 2020 1:50:45 AM Controller.Administer writeLog
INFO: Go back from collection page
Jul 10, 2020 1:50:46 AM Controller.Administer writeLog
INFO: Navigate into play page
Jul 10, 2020 1:53:39 AM Controller.PlayerController signIn
INFO: sign_in r
Jul 10, 2020 1:53:40 AM Controller.Administer writeLog
INFO: Navigate into collection page
Jul 10, 2020 1:53:45 AM Controller.Administer writeLog
INFO: Go back from collection page
Jul 10, 2020 1:53:48 AM Controller.Administer writeLog
INFO: Navigate into play page
Jul 10, 2020 1:53:54 AM View.Gui.Mapper endTurn
INFO: End turn
Jul 10, 2020 1:53:57 AM View.Gui.Mapper playCard
INFO: PlayMinion
Jul 10, 2020 1:54:07 AM View.Gui.Mapper endTurn
INFO: End turn
Jul 10, 2020 1:54:16 AM View.Gui.Mapper playCard
INFO: PlayMinion
Jul 10, 2020 1:54:39 AM View.Gui.Mapper endTurn
INFO: End turn
Jul 10, 2020 1:54:40 AM View.Gui.Mapper endTurn
INFO: End turn
Jul 10, 2020 1:54:48 AM View.Gui.Mapper endTurn
INFO: End turn
Jul 10, 2020 1:54:49 AM View.Gui.Mapper endTurn
INFO: End turn
Jul 10, 2020 1:54:52 AM View.Gui.Mapper playCard
INFO: PlayMinion
Jul 10, 2020 1:55:22 AM View.Gui.Mapper endTurn
INFO: End turn
Jul 10, 2020 1:55:23 AM View.Gui.Mapper playCard
INFO: PlayMinion
Jul 10, 2020 1:55:38 AM View.Gui.Mapper endTurn
INFO: End turn
Jul 10, 2020 1:58:57 AM Controller.PlayerController signIn
INFO: sign_in r
Jul 10, 2020 1:58:59 AM Controller.Administer writeLog
INFO: Navigate into collection page
Jul 10, 2020 1:59:05 AM Controller.Administer showCardsOnCardPanelWithSpecifiedClass
INFO: Show Neutral cards
Jul 10, 2020 1:59:15 AM Controller.Administer writeLog
INFO: Make new Deck
Jul 10, 2020 1:59:20 AM Controller.Administer writeLog
INFO: Go back from collection page
Jul 10, 2020 1:59:23 AM Controller.Administer writeLog
INFO: Navigate into play page
Jul 10, 2020 1:59:29 AM View.Gui.Mapper endTurn
INFO: End turn
Jul 10, 2020 1:59:32 AM View.Gui.Mapper playCard
INFO: PlayMinion
Jul 10, 2020 1:59:42 AM View.Gui.Mapper endTurn
INFO: End turn
Jul 10, 2020 1:59:55 AM View.Gui.Mapper endTurn
INFO: End turn
Jul 10, 2020 1:59:57 AM View.Gui.Mapper endTurn
INFO: End turn
Jul 10, 2020 2:00:02 AM Controller.Administer writeLog
INFO: Navigate into collection page
Jul 10, 2020 2:00:34 AM Controller.Administer selectMainDeck
INFO: select rr for main deck
Jul 10, 2020 2:00:37 AM Controller.Administer writeLog
INFO: Make new Deck
Jul 10, 2020 2:00:38 AM Controller.Administer writeLog
INFO: Go back from collection page
Jul 10, 2020 2:00:41 AM Controller.Administer writeLog
INFO: Navigate into play page
Jul 10, 2020 2:00:52 AM View.Gui.Mapper endTurn
INFO: End turn
Jul 10, 2020 2:00:56 AM Controller.PlayerController logOut
INFO: Log_out r
Jul 10, 2020 2:01:17 AM Controller.PlayerController signIn
INFO: sign_in r
Jul 10, 2020 2:01:18 AM Controller.Administer writeLog
INFO: Navigate into play page
Jul 10, 2020 2:01:40 AM Controller.Administer writeLog
INFO: Navigate into collection page
Jul 10, 2020 2:01:48 AM Controller.Administer showCardsOnCardPanelWithSpecifiedClass
INFO: Show Neutral cards
Jul 10, 2020 2:01:52 AM Controller.Administer showCardsOnCardPanelWithSpecifiedClass
INFO: Show Warlock cards
Jul 10, 2020 2:01:54 AM Controller.Administer showCardsOnCardPanelWithSpecifiedClass
INFO: Show Neutral cards
Jul 10, 2020 2:02:09 AM Controller.Administer selectMainDeck
INFO: select w for main deck
Jul 10, 2020 2:02:11 AM Controller.Administer writeLog
INFO: Make new Deck
Jul 10, 2020 2:02:13 AM Controller.Administer writeLog
INFO: Go back from collection page
Jul 10, 2020 2:02:15 AM Controller.Administer writeLog
INFO: Navigate into play page
Jul 10, 2020 2:02:33 AM Controller.PlayerController logOut
INFO: Log_out r
Jul 10, 2020 2:04:03 AM Controller.PlayerController signIn
INFO: sign_in r
Jul 10, 2020 2:04:07 AM Controller.Administer writeLog
INFO: Navigate into play page
Jul 10, 2020 2:04:12 AM View.Gui.Mapper playCard
INFO: PlayMinion
Jul 10, 2020 2:04:23 AM View.Gui.Mapper endTurn
INFO: End turn
Jul 10, 2020 2:04:26 AM View.Gui.Mapper endTurn
INFO: End turn
Jul 10, 2020 2:04:35 AM View.Gui.Mapper playCard
INFO: PlayMinion
Jul 10, 2020 2:05:15 AM View.Gui.Mapper endTurn
INFO: End turn
Jul 10, 2020 2:05:29 AM View.Gui.Mapper endTurn
INFO: End turn
Jul 10, 2020 2:05:33 AM View.Gui.Mapper playCard
INFO: PlayMinion
Jul 10, 2020 2:06:09 AM View.Gui.Mapper endTurn
INFO: End turn
Jul 10, 2020 2:06:16 AM View.Gui.Mapper endTurn
INFO: End turn
Jul 10, 2020 2:06:27 AM View.Gui.Mapper endTurn
INFO: End turn
Jul 10, 2020 2:06:34 AM View.Gui.Mapper endTurn
INFO: End turn
Jul 10, 2020 4:09:21 AM Controller.PlayerController signIn
INFO: sign_in r
Jul 10, 2020 4:09:30 AM Controller.Administer writeLog
INFO: Navigate into collection page
Jul 10, 2020 4:09:43 AM Controller.Administer showCardsOnCardPanelWithSpecifiedClass
INFO: Show Hunter cards
Jul 10, 2020 4:09:44 AM Controller.Administer showCardsOnCardPanelWithSpecifiedClass
INFO: Show Neutral cards
Jul 10, 2020 4:09:55 AM Controller.Administer selectMainDeck
INFO: select h for main deck
Jul 10, 2020 4:09:59 AM Controller.Administer writeLog
INFO: Make new Deck
Jul 10, 2020 4:10:01 AM Controller.Administer writeLog
INFO: Go back from collection page
Jul 10, 2020 4:10:03 AM Controller.Administer writeLog
INFO: Navigate into play page
Jul 10, 2020 4:10:12 AM View.Gui.Mapper endTurn
INFO: End turn
Jul 10, 2020 4:10:17 AM View.Gui.Mapper playCard
INFO: PlayMinion
Jul 10, 2020 4:10:27 AM View.Gui.Mapper endTurn
INFO: End turn
Jul 10, 2020 4:10:34 AM View.Gui.Mapper endTurn
INFO: End turn
Jul 10, 2020 4:10:42 AM View.Gui.Mapper endTurn
INFO: End turn
Jul 10, 2020 4:10:47 AM View.Gui.Mapper playCard
INFO: PlayMinion
Jul 10, 2020 4:10:55 AM View.Gui.Mapper playCard
INFO: PlayMinion
Jul 10, 2020 4:11:04 AM View.Gui.Mapper playCard
INFO: PlayMinion
Jul 10, 2020 4:11:16 AM Controller.Administer writeLog
INFO: Navigate into play page
Jul 10, 2020 4:11:22 AM View.Gui.Mapper playCard
INFO: PlayMinion
Jul 10, 2020 4:11:34 AM View.Gui.Mapper endTurn
INFO: End turn
Jul 10, 2020 4:11:35 AM View.Gui.Mapper endTurn
INFO: End turn
Jul 10, 2020 4:11:37 AM View.Gui.Mapper endTurn
INFO: End turn
Jul 10, 2020 4:11:39 AM View.Gui.Mapper endTurn
INFO: End turn
Jul 10, 2020 4:11:44 AM View.Gui.Mapper endTurn
INFO: End turn
Jul 10, 2020 4:11:57 AM View.Gui.Mapper endTurn
INFO: End turn
Jul 10, 2020 4:12:04 AM View.Gui.Mapper endTurn
INFO: End turn
Jul 10, 2020 4:12:06 AM View.Gui.Mapper playCard
INFO: PlayMinion
Jul 10, 2020 4:12:18 AM View.Gui.Mapper endTurn
INFO: End turn
Jul 10, 2020 4:13:29 AM Controller.PlayerController signIn
INFO: sign_in r
Jul 10, 2020 4:13:31 AM Controller.Administer writeLog
INFO: Navigate into collection page
Jul 10, 2020 4:13:38 AM Controller.Administer showCardsOnCardPanelWithSpecifiedClass
INFO: Show Neutral cards
Jul 10, 2020 4:13:54 AM Controller.Administer selectMainDeck
INFO: select h for main deck
Jul 10, 2020 4:13:55 AM Controller.Administer writeLog
INFO: Make new Deck
Jul 10, 2020 4:13:59 AM Controller.Administer writeLog
INFO: Go back from collection page
Jul 10, 2020 4:14:01 AM Controller.Administer writeLog
INFO: Navigate into play page
Jul 10, 2020 4:14:06 AM View.Gui.Mapper endTurn
INFO: End turn
Jul 10, 2020 4:14:14 AM View.Gui.Mapper playCard
INFO: PlayMinion
Jul 10, 2020 4:16:26 AM Controller.PlayerController signIn
INFO: sign_in r
Jul 10, 2020 4:16:34 AM Controller.Administer writeLog
INFO: Navigate into collection page
Jul 10, 2020 4:16:41 AM Controller.Administer showCardsOnCardPanelWithSpecifiedClass
INFO: Show Neutral cards
Jul 10, 2020 4:16:56 AM Controller.Administer selectMainDeck
INFO: select h for main deck
Jul 10, 2020 4:16:58 AM Controller.Administer writeLog
INFO: Make new Deck
Jul 10, 2020 4:17:01 AM Controller.Administer writeLog
INFO: Go back from collection page
Jul 10, 2020 4:17:03 AM Controller.Administer writeLog
INFO: Navigate into play page
Jul 10, 2020 4:17:10 AM View.Gui.Mapper endTurn
INFO: End turn
Jul 10, 2020 4:17:12 AM View.Gui.Mapper playCard
INFO: PlayMinion
Jul 10, 2020 4:17:21 AM View.Gui.Mapper endTurn
INFO: End turn
Jul 10, 2020 4:17:32 AM View.Gui.Mapper endTurn
INFO: End turn
Jul 10, 2020 4:17:40 AM View.Gui.Mapper endTurn
INFO: End turn
Jul 10, 2020 4:17:44 AM View.Gui.Mapper endTurn
INFO: End turn
Jul 10, 2020 4:17:45 AM View.Gui.Mapper playCard
INFO: PlayMinion
Jul 10, 2020 4:17:53 AM View.Gui.Mapper endTurn
INFO: End turn
Jul 10, 2020 4:18:00 AM View.Gui.Mapper endTurn
INFO: End turn
Jul 10, 2020 4:23:13 AM Controller.PlayerController signIn
INFO: sign_in r
Jul 10, 2020 4:23:15 AM Controller.Administer writeLog
INFO: Navigate into collection page
Jul 10, 2020 4:23:23 AM Controller.Administer showCardsOnCardPanelWithSpecifiedClass
INFO: Show Neutral cards
Jul 10, 2020 4:23:34 AM Controller.Administer selectMainDeck
INFO: select h for main deck
Jul 10, 2020 4:23:36 AM Controller.Administer writeLog
INFO: Make new Deck
Jul 10, 2020 4:23:38 AM Controller.Administer writeLog
INFO: Go back from collection page
Jul 10, 2020 4:23:42 AM Controller.Administer writeLog
INFO: Navigate into play page
Jul 10, 2020 4:23:52 AM View.Gui.Mapper endTurn
INFO: End turn
Jul 10, 2020 4:24:05 AM View.Gui.Mapper playCard
INFO: PlayMinion
Jul 10, 2020 4:27:30 AM Controller.PlayerController signIn
INFO: sign_in r
Jul 10, 2020 4:27:36 AM Controller.Administer writeLog
INFO: Navigate into collection page
Jul 10, 2020 4:27:46 AM Controller.Administer showCardsOnCardPanelWithSpecifiedClass
INFO: Show Neutral cards
Jul 10, 2020 4:27:58 AM Controller.Administer selectMainDeck
INFO: select h for main deck
Jul 10, 2020 4:28:01 AM Controller.Administer writeLog
INFO: Make new Deck
Jul 10, 2020 4:28:04 AM Controller.Administer writeLog
INFO: Go back from collection page
Jul 10, 2020 4:28:06 AM Controller.Administer writeLog
INFO: Navigate into play page
Jul 10, 2020 4:28:13 AM View.Gui.Mapper endTurn
INFO: End turn
Jul 10, 2020 4:28:16 AM View.Gui.Mapper playCard
INFO: PlayMinion
Jul 10, 2020 4:28:40 AM View.Gui.Mapper endTurn
INFO: End turn
Jul 10, 2020 4:28:43 AM View.Gui.Mapper endTurn
INFO: End turn
Jul 10, 2020 4:28:45 AM View.Gui.Mapper endTurn
INFO: End turn
Jul 10, 2020 4:28:55 AM View.Gui.Mapper endTurn
INFO: End turn
Jul 10, 2020 4:28:56 AM View.Gui.Mapper playCard
INFO: PlayMinion
Jul 10, 2020 7:20:03 PM Controller.PlayerController signIn
INFO: sign_in r
Jul 10, 2020 7:20:05 PM Controller.Administer writeLog
INFO: Navigate into collection page
Jul 10, 2020 7:20:07 PM Controller.Administer writeLog
INFO: Go back from collection page
Jul 10, 2020 7:21:29 PM Controller.PlayerController signIn
INFO: sign_in r
Jul 10, 2020 7:21:32 PM Controller.Administer writeLog
INFO: Navigate into play page
Jul 10, 2020 7:25:13 PM Controller.PlayerController signIn
INFO: sign_in r
Jul 10, 2020 7:25:16 PM Controller.Administer writeLog
INFO: Navigate into play page
Jul 10, 2020 7:25:22 PM View.Gui.Mapper endTurn
INFO: End turn
Jul 10, 2020 7:25:25 PM View.Gui.Mapper endTurn
INFO: End turn
Jul 10, 2020 7:26:00 PM Controller.PlayerController signIn
INFO: sign_in r
Jul 10, 2020 7:26:03 PM Controller.Administer writeLog
INFO: Navigate into play page
Jul 10, 2020 7:26:13 PM View.Gui.Mapper endTurn
INFO: End turn
Jul 10, 2020 7:26:16 PM View.Gui.Mapper endTurn
INFO: End turn
Jul 10, 2020 7:32:59 PM Controller.PlayerController signIn
INFO: sign_in r
Jul 10, 2020 7:33:01 PM Controller.Administer writeLog
INFO: Navigate into play page
Jul 10, 2020 7:33:10 PM View.Gui.Mapper endTurn
INFO: End turn
Jul 10, 2020 7:33:17 PM View.Gui.Mapper endTurn
INFO: End turn
Jul 10, 2020 7:33:24 PM View.Gui.Mapper endTurn
INFO: End turn
Jul 10, 2020 7:33:27 PM View.Gui.Mapper endTurn
INFO: End turn
Jul 10, 2020 7:33:31 PM Controller.Administer writeLog
INFO: Navigate into play page
Jul 10, 2020 7:33:40 PM View.Gui.Mapper endTurn
INFO: End turn
Jul 10, 2020 7:33:46 PM Controller.Administer writeLog
INFO: Navigate into play page
Jul 10, 2020 7:33:52 PM View.Gui.Mapper endTurn
INFO: End turn
Jul 10, 2020 7:36:59 PM Controller.PlayerController signIn
INFO: sign_in r
Jul 10, 2020 7:37:01 PM Controller.Administer writeLog
INFO: Navigate into play page
Jul 10, 2020 7:37:08 PM View.Gui.Mapper playCard
INFO: PlayMinion
Jul 10, 2020 7:37:25 PM View.Gui.Mapper endTurn
INFO: End turn
Jul 10, 2020 7:37:33 PM View.Gui.Mapper endTurn
INFO: End turn
Jul 10, 2020 7:37:38 PM View.Gui.Mapper endTurn
INFO: End turn
Jul 10, 2020 7:37:45 PM View.Gui.Mapper endTurn
INFO: End turn
Jul 10, 2020 7:37:51 PM View.Gui.Mapper endTurn
INFO: End turn
Jul 10, 2020 7:38:00 PM View.Gui.Mapper endTurn
INFO: End turn
Jul 10, 2020 7:38:01 PM View.Gui.Mapper playCard
INFO: PlaySpell
Jul 10, 2020 7:38:11 PM Controller.Administer writeLog
INFO: Navigate into play page
Jul 10, 2020 7:38:18 PM View.Gui.Mapper playCard
INFO: PlayMinion
Jul 10, 2020 7:38:25 PM View.Gui.Mapper endTurn
INFO: End turn
Jul 10, 2020 7:41:37 PM Controller.PlayerController signIn
INFO: sign_in r
Jul 10, 2020 7:41:40 PM Controller.Administer writeLog
INFO: Navigate into play page
Jul 10, 2020 7:41:56 PM View.Gui.Mapper playCard
INFO: PlayMinion
Jul 10, 2020 7:42:03 PM View.Gui.Mapper endTurn
INFO: End turn
Jul 10, 2020 7:42:07 PM View.Gui.Mapper playCard
INFO: PlayMinion
Jul 10, 2020 7:44:01 PM Controller.PlayerController signIn
INFO: sign_in r
Jul 10, 2020 7:44:03 PM Controller.Administer writeLog
INFO: Navigate into play page
Jul 10, 2020 7:44:13 PM Controller.Administer writeLog
INFO: Navigate into play page
Jul 10, 2020 7:44:19 PM View.Gui.Mapper playCard
INFO: PlayMinion
Jul 10, 2020 7:44:45 PM View.Gui.Mapper endTurn
INFO: End turn
Jul 10, 2020 7:44:50 PM View.Gui.Mapper playCard
INFO: PlayMinion
Jul 10, 2020 7:44:58 PM View.Gui.Mapper endTurn
INFO: End turn
Jul 10, 2020 7:45:12 PM View.Gui.Mapper endTurn
INFO: End turn
Jul 10, 2020 7:45:13 PM View.Gui.Mapper endTurn
INFO: End turn
Jul 10, 2020 7:47:46 PM Controller.PlayerController signIn
INFO: sign_in r
Jul 10, 2020 7:47:49 PM Controller.Administer writeLog
INFO: Navigate into play page
Jul 10, 2020 7:48:01 PM Controller.Administer writeLog
INFO: Navigate into play page
Jul 10, 2020 7:48:07 PM View.Gui.Mapper playCard
INFO: PlayMinion
Jul 10, 2020 7:48:18 PM View.Gui.Mapper endTurn
INFO: End turn
Jul 10, 2020 7:48:22 PM View.Gui.Mapper playCard
INFO: PlayMinion
Jul 10, 2020 7:48:32 PM View.Gui.Mapper endTurn
INFO: End turn
Jul 10, 2020 7:48:34 PM View.Gui.Mapper playCard
INFO: PlayMinion
Jul 10, 2020 7:48:54 PM View.Gui.Mapper endTurn
INFO: End turn
Jul 10, 2020 7:49:04 PM View.Gui.Mapper endTurn
INFO: End turn
Jul 10, 2020 7:49:08 PM View.Gui.Mapper playCard
INFO: PlaySpell
Jul 10, 2020 7:49:10 PM View.Gui.Mapper playCard
INFO: PlayMinion
Jul 10, 2020 7:49:18 PM View.Gui.Mapper endTurn
INFO: End turn
Jul 10, 2020 7:49:20 PM View.Gui.Mapper endTurn
INFO: End turn
Jul 10, 2020 7:49:29 PM Controller.Administer writeLog
INFO: Navigate into play page
Jul 10, 2020 7:49:34 PM View.Gui.Mapper playCard
INFO: PlayMinion
Jul 10, 2020 7:49:49 PM View.Gui.Mapper endTurn
INFO: End turn
Jul 10, 2020 7:49:52 PM View.Gui.Mapper playCard
INFO: PlayMinion
Jul 10, 2020 7:50:05 PM View.Gui.Mapper endTurn
INFO: End turn
Jul 10, 2020 7:50:12 PM View.Gui.Mapper endTurn
INFO: End turn
Jul 10, 2020 7:50:17 PM View.Gui.Mapper endTurn
INFO: End turn
Jul 10, 2020 7:50:21 PM View.Gui.Mapper playCard
INFO: PlayMinion
Jul 10, 2020 7:50:30 PM View.Gui.Mapper endTurn
INFO: End turn
Jul 10, 2020 7:50:31 PM View.Gui.Mapper endTurn
INFO: End turn
Jul 10, 2020 7:50:41 PM View.Gui.Mapper playCard
INFO: PlayMinion
Jul 10, 2020 7:50:49 PM View.Gui.Mapper endTurn
INFO: End turn
Jul 10, 2020 7:50:59 PM View.Gui.Mapper playCard
INFO: PlayMinion
Jul 10, 2020 7:51:18 PM View.Gui.Mapper endTurn
INFO: End turn
Jul 10, 2020 7:52:05 PM Controller.Administer writeLog
INFO: Navigate into play page
Jul 10, 2020 7:52:13 PM Controller.Administer writeLog
INFO: Navigate into play page
Jul 10, 2020 7:52:22 PM View.Gui.Mapper playCard
INFO: PlayMinion
Jul 10, 2020 7:52:29 PM View.Gui.Mapper endTurn
INFO: End turn
Jul 10, 2020 7:52:32 PM View.Gui.Mapper endTurn
INFO: End turn
Jul 10, 2020 7:52:35 PM View.Gui.Mapper playCard
INFO: PlayMinion
Jul 10, 2020 7:52:43 PM View.Gui.Mapper endTurn
INFO: End turn
Jul 10, 2020 7:52:53 PM View.Gui.Mapper endTurn
INFO: End turn
Jul 10, 2020 7:52:58 PM View.Gui.Mapper endTurn
INFO: End turn
Jul 10, 2020 7:53:00 PM View.Gui.Mapper endTurn
INFO: End turn
Jul 10, 2020 7:53:03 PM View.Gui.Mapper endTurn
INFO: End turn
Jul 10, 2020 7:53:08 PM View.Gui.Mapper playCard
INFO: PlayMinion
Jul 10, 2020 7:53:20 PM View.Gui.Mapper playCard
INFO: PlayMinion
Jul 10, 2020 7:53:40 PM View.Gui.Mapper endTurn
INFO: End turn
Jul 10, 2020 7:53:45 PM View.Gui.Mapper endTurn
INFO: End turn
Jul 10, 2020 7:53:48 PM View.Gui.Mapper endTurn
INFO: End turn
Jul 10, 2020 8:23:57 PM Controller.PlayerController signIn
INFO: sign_in r
Jul 10, 2020 8:24:00 PM Controller.Administer writeLog
INFO: Navigate into play page
Jul 10, 2020 8:26:50 PM Controller.PlayerController signIn
INFO: sign_in r
Jul 10, 2020 8:26:53 PM Controller.Administer writeLog
INFO: Navigate into play page
Jul 10, 2020 8:30:32 PM Controller.PlayerController signIn
INFO: sign_in r
Jul 10, 2020 8:30:35 PM Controller.Administer writeLog
INFO: Navigate into play page
Jul 10, 2020 8:31:54 PM Controller.PlayerController signIn
INFO: sign_in r
Jul 10, 2020 8:31:56 PM Controller.Administer writeLog
INFO: Navigate into play page
Jul 10, 2020 8:32:41 PM Controller.PlayerController signIn
INFO: sign_in r
Jul 10, 2020 8:32:43 PM Controller.Administer writeLog
INFO: Navigate into play page
Jul 10, 2020 8:33:46 PM Controller.PlayerController signIn
INFO: sign_in r
Jul 10, 2020 8:33:48 PM Controller.Administer writeLog
INFO: Navigate into play page
Jul 10, 2020 8:34:19 PM Controller.PlayerController signIn
INFO: sign_in r
Jul 10, 2020 8:34:21 PM Controller.Administer writeLog
INFO: Navigate into play page
Jul 10, 2020 8:35:37 PM Controller.PlayerController signIn
INFO: sign_in r
Jul 10, 2020 8:35:38 PM Controller.Administer writeLog
INFO: Navigate into play page
Jul 10, 2020 8:36:39 PM Controller.PlayerController signIn
INFO: sign_in r
Jul 10, 2020 8:36:41 PM Controller.Administer writeLog
INFO: Navigate into play page
Jul 10, 2020 8:37:54 PM Controller.PlayerController signIn
INFO: sign_in r
Jul 10, 2020 8:37:56 PM Controller.Administer writeLog
INFO: Navigate into play page
Jul 10, 2020 8:38:50 PM Controller.PlayerController signIn
INFO: sign_in r
Jul 10, 2020 8:38:52 PM Controller.Administer writeLog
INFO: Navigate into play page
Jul 10, 2020 8:40:21 PM Controller.PlayerController signIn
INFO: sign_in r
Jul 10, 2020 8:40:23 PM Controller.Administer writeLog
INFO: Navigate into play page
Jul 10, 2020 8:41:15 PM Controller.PlayerController signIn
INFO: sign_in r
Jul 10, 2020 8:41:19 PM Controller.Administer writeLog
INFO: Navigate into play page
Jul 10, 2020 8:42:15 PM Controller.PlayerController signIn
INFO: sign_in r
Jul 10, 2020 8:42:17 PM Controller.Administer writeLog
INFO: Navigate into play page
Jul 10, 2020 8:50:03 PM Controller.PlayerController signIn
INFO: sign_in r
Jul 10, 2020 8:50:08 PM Controller.Administer writeLog
INFO: Navigate into play page
Jul 10, 2020 8:52:03 PM Controller.PlayerController signIn
INFO: sign_in r
Jul 10, 2020 8:52:08 PM Controller.Administer writeLog
INFO: Navigate into play page
Jul 10, 2020 8:53:52 PM Controller.PlayerController signIn
INFO: sign_in r
Jul 10, 2020 8:53:54 PM Controller.Administer writeLog
INFO: Navigate into play page
Jul 10, 2020 8:55:32 PM Controller.PlayerController signIn
INFO: sign_in r
Jul 10, 2020 8:55:34 PM Controller.Administer writeLog
INFO: Navigate into play page
Jul 10, 2020 8:58:15 PM Controller.PlayerController signIn
INFO: sign_in r
Jul 10, 2020 8:58:17 PM Controller.Administer writeLog
INFO: Navigate into play page
Jul 10, 2020 9:03:01 PM Controller.PlayerController signIn
INFO: sign_in r
Jul 10, 2020 9:03:03 PM Controller.Administer writeLog
INFO: Navigate into play page
Jul 10, 2020 9:04:38 PM Controller.PlayerController signIn
INFO: sign_in r
Jul 10, 2020 9:04:39 PM Controller.Administer writeLog
INFO: Navigate into play page
Jul 10, 2020 9:07:11 PM Controller.PlayerController signIn
INFO: sign_in r
Jul 10, 2020 9:07:12 PM Controller.Administer writeLog
INFO: Navigate into play page
Jul 10, 2020 9:10:40 PM Controller.PlayerController signIn
INFO: sign_in r
Jul 10, 2020 9:10:42 PM Controller.Administer writeLog
INFO: Navigate into play page
Jul 10, 2020 9:11:30 PM Controller.PlayerController signIn
INFO: sign_in r
Jul 10, 2020 9:11:32 PM Controller.Administer writeLog
INFO: Navigate into play page
Jul 10, 2020 9:20:04 PM Controller.PlayerController signIn
INFO: sign_in r
Jul 10, 2020 9:20:07 PM Controller.Administer writeLog
INFO: Navigate into play page
Jul 10, 2020 9:20:57 PM View.Gui.Mapper endTurn
INFO: End turn
Jul 10, 2020 9:21:00 PM View.Gui.Mapper endTurn
INFO: End turn
Jul 10, 2020 9:21:58 PM Controller.PlayerController signIn
INFO: sign_in r
Jul 10, 2020 9:21:59 PM Controller.Administer writeLog
INFO: Navigate into play page
Jul 10, 2020 9:23:07 PM View.Gui.Mapper endTurn
INFO: End turn
Jul 10, 2020 9:24:40 PM Controller.PlayerController signIn
INFO: sign_in r
Jul 10, 2020 9:24:43 PM Controller.Administer writeLog
INFO: Navigate into play page
Jul 10, 2020 9:25:47 PM View.Gui.Mapper endTurn
INFO: End turn
Jul 10, 2020 9:30:47 PM Controller.PlayerController signIn
INFO: sign_in r
Jul 10, 2020 9:30:49 PM Controller.Administer writeLog
INFO: Navigate into play page
Jul 10, 2020 9:31:54 PM View.Gui.Mapper endTurn
INFO: End turn
Jul 10, 2020 9:32:37 PM View.Gui.Mapper playCard
INFO: PlayMinion
Jul 10, 2020 9:35:35 PM Controller.PlayerController signIn
INFO: sign_in r
Jul 10, 2020 9:35:38 PM Controller.Administer writeLog
INFO: Navigate into play page
Jul 10, 2020 9:36:39 PM View.Gui.Mapper endTurn
INFO: End turn
Jul 10, 2020 9:46:35 PM Controller.PlayerController signIn
INFO: sign_in r
Jul 10, 2020 9:46:45 PM Controller.Administer writeLog
INFO: Navigate into play page
Jul 10, 2020 9:47:46 PM View.Gui.Mapper endTurn
INFO: End turn
Jul 10, 2020 9:49:31 PM Controller.PlayerController signIn
INFO: sign_in r
Jul 10, 2020 9:49:34 PM Controller.Administer writeLog
INFO: Navigate into play page
Jul 10, 2020 9:49:51 PM View.Gui.Mapper endTurn
INFO: End turn
Jul 10, 2020 9:50:51 PM View.Gui.Mapper endTurn
INFO: End turn
Jul 10, 2020 9:58:04 PM Controller.PlayerController signIn
INFO: sign_in r
Jul 10, 2020 9:58:06 PM Controller.Administer writeLog
INFO: Navigate into play page
Jul 10, 2020 9:59:07 PM View.Gui.Mapper endTurn
INFO: End turn
Jul 10, 2020 9:59:48 PM View.Gui.Mapper endTurn
INFO: End turn
Jul 10, 2020 10:00:55 PM View.Gui.Mapper endTurn
INFO: End turn
Jul 10, 2020 10:08:32 PM Controller.PlayerController signIn
INFO: sign_in r
Jul 10, 2020 10:08:34 PM Controller.Administer writeLog
INFO: Navigate into play page
Jul 10, 2020 10:09:35 PM View.Gui.Mapper endTurn
INFO: End turn
Jul 10, 2020 10:10:06 PM View.Gui.Mapper endTurn
INFO: End turn
Jul 10, 2020 10:13:58 PM View.Gui.Mapper endTurn
INFO: End turn
Jul 10, 2020 10:15:05 PM Controller.PlayerController signIn
INFO: sign_in r
Jul 10, 2020 10:15:08 PM Controller.Administer writeLog
INFO: Navigate into setting page
Jul 10, 2020 10:15:09 PM Controller.Administer writeLog
INFO: Go back from setting page
Jul 10, 2020 10:15:11 PM Controller.Administer writeLog
INFO: Navigate into play page
Jul 10, 2020 10:16:12 PM View.Gui.Mapper endTurn
INFO: End turn
Jul 10, 2020 10:17:44 PM Controller.PlayerController signIn
INFO: sign_in r
Jul 10, 2020 10:17:46 PM Controller.Administer writeLog
INFO: Navigate into play page
Jul 10, 2020 10:18:47 PM View.Gui.Mapper endTurn
INFO: End turn
Jul 10, 2020 10:21:35 PM Controller.PlayerController signIn
INFO: sign_in r
Jul 10, 2020 10:21:37 PM Controller.Administer writeLog
INFO: Navigate into play page
Jul 10, 2020 10:22:38 PM View.Gui.Mapper endTurn
INFO: End turn
Jul 10, 2020 10:22:40 PM View.Gui.Mapper endTurn
INFO: End turn
Jul 10, 2020 10:22:41 PM View.Gui.Mapper endTurn
INFO: End turn
Jul 10, 2020 10:22:51 PM View.Gui.Mapper endTurn
INFO: End turn
Jul 10, 2020 10:22:52 PM View.Gui.Mapper endTurn
INFO: End turn
Jul 10, 2020 10:22:54 PM View.Gui.Mapper endTurn
INFO: End turn
Jul 10, 2020 10:22:56 PM View.Gui.Mapper endTurn
INFO: End turn
Jul 10, 2020 10:22:57 PM View.Gui.Mapper endTurn
INFO: End turn
Jul 10, 2020 10:22:58 PM View.Gui.Mapper endTurn
INFO: End turn
Jul 10, 2020 10:24:14 PM Controller.PlayerController signIn
INFO: sign_in r
Jul 10, 2020 10:24:17 PM Controller.Administer writeLog
INFO: Navigate into play page
Jul 10, 2020 10:25:18 PM View.Gui.Mapper endTurn
INFO: End turn
Jul 10, 2020 10:25:26 PM View.Gui.Mapper playCard
INFO: PlayMinion
Jul 10, 2020 10:26:18 PM View.Gui.Mapper endTurn
INFO: End turn
Jul 10, 2020 10:26:25 PM View.Gui.Mapper playCard
INFO: PlaySpell
Jul 10, 2020 10:27:19 PM View.Gui.Mapper endTurn
INFO: End turn
Jul 10, 2020 10:27:20 PM View.Gui.Mapper endTurn
INFO: End turn
Jul 10, 2020 10:28:19 PM View.Gui.Mapper endTurn
INFO: End turn
Jul 10, 2020 10:28:21 PM View.Gui.Mapper endTurn
INFO: End turn
Jul 10, 2020 10:29:41 PM Controller.PlayerController signIn
INFO: sign_in r
Jul 10, 2020 10:29:44 PM Controller.Administer writeLog
INFO: Navigate into play page
Jul 10, 2020 10:30:45 PM View.Gui.Mapper endTurn
INFO: End turn
Jul 10, 2020 10:31:37 PM View.Gui.Mapper endTurn
INFO: End turn
Jul 10, 2020 10:31:44 PM View.Gui.Mapper endTurn
INFO: End turn
Jul 10, 2020 10:31:46 PM View.Gui.Mapper endTurn
INFO: End turn
Jul 10, 2020 10:32:51 PM View.Gui.Mapper endTurn
INFO: End turn
Jul 10, 2020 10:32:59 PM View.Gui.Mapper playCard
INFO: PlayMinion
Jul 10, 2020 10:35:47 PM View.Gui.Mapper endTurn
INFO: End turn
Jul 10, 2020 10:36:53 PM View.Gui.Mapper endTurn
INFO: End turn
Jul 10, 2020 10:38:13 PM Controller.PlayerController signIn
INFO: sign_in r
Jul 10, 2020 10:38:17 PM Controller.Administer writeLog
INFO: Navigate into play page
Jul 10, 2020 10:39:18 PM View.Gui.Mapper endTurn
INFO: End turn
Jul 10, 2020 10:39:44 PM View.Gui.Mapper endTurn
INFO: End turn
Jul 10, 2020 10:40:50 PM View.Gui.Mapper endTurn
INFO: End turn
Jul 10, 2020 10:41:47 PM Controller.PlayerController signIn
INFO: sign_in r
Jul 10, 2020 10:41:50 PM Controller.Administer writeLog
INFO: Navigate into play page
Jul 10, 2020 10:42:51 PM View.Gui.Mapper endTurn
INFO: End turn
Jul 10, 2020 10:43:34 PM Controller.PlayerController signIn
INFO: sign_in r
Jul 10, 2020 10:43:36 PM Controller.Administer writeLog
INFO: Navigate into play page
Jul 10, 2020 10:44:37 PM View.Gui.Mapper endTurn
INFO: End turn
Jul 10, 2020 10:47:23 PM Controller.PlayerController signIn
INFO: sign_in r
Jul 10, 2020 10:47:28 PM Controller.Administer writeLog
INFO: Navigate into play page
Jul 10, 2020 10:48:30 PM View.Gui.Mapper endTurn
INFO: End turn
Jul 10, 2020 10:50:07 PM Controller.PlayerController signIn
INFO: sign_in r
Jul 10, 2020 10:50:09 PM Controller.Administer writeLog
INFO: Navigate into play page
Jul 10, 2020 10:51:10 PM View.Gui.Mapper endTurn
INFO: End turn
Jul 10, 2020 10:51:56 PM Controller.PlayerController signIn
INFO: sign_in r
Jul 10, 2020 10:51:58 PM Controller.Administer writeLog
INFO: Navigate into play page
Jul 10, 2020 10:53:20 PM Controller.PlayerController signIn
INFO: sign_in r
Jul 10, 2020 10:53:23 PM Controller.Administer writeLog
INFO: Navigate into play page
Jul 10, 2020 10:54:18 PM View.Gui.Mapper playCard
INFO: PlayMinion
Jul 10, 2020 10:54:24 PM View.Gui.Mapper endTurn
INFO: End turn
Jul 10, 2020 10:54:27 PM View.Gui.Mapper endTurn
INFO: End turn
Jul 10, 2020 10:55:25 PM View.Gui.Mapper playCard
INFO: PlayMinion
Jul 10, 2020 10:55:29 PM View.Gui.Mapper endTurn
INFO: End turn
Jul 10, 2020 10:55:36 PM View.Gui.Mapper playCard
INFO: PlayMinion
Jul 10, 2020 10:55:52 PM View.Gui.Mapper endTurn
INFO: End turn
Jul 10, 2020 10:55:54 PM View.Gui.Mapper playCard
INFO: PlayMinion
Jul 10, 2020 10:56:56 PM View.Gui.Mapper endTurn
INFO: End turn
Jul 11, 2020 12:04:10 AM Controller.PlayerController signIn
INFO: sign_in r
Jul 11, 2020 12:04:13 AM Controller.Administer writeLog
INFO: Navigate into play page
Jul 11, 2020 12:04:21 AM Controller.Administer writeLog
INFO: Navigate into shop page
Jul 11, 2020 12:04:23 AM Controller.Administer writeLog
INFO: Show buyable cards
Jul 11, 2020 12:04:33 AM Controller.Administer writeLog
INFO: Back from shop page
Jul 11, 2020 3:21:26 AM Controller.PlayerController signIn
INFO: sign_in r
Jul 11, 2020 3:21:54 AM Controller.Administer writeLog
INFO: Navigate into play page
Jul 11, 2020 4:12:42 AM Controller.PlayerController signIn
INFO: sign_in r
Jul 11, 2020 4:12:46 AM Controller.Administer writeLog
INFO: Navigate into play page
Jul 11, 2020 4:13:47 AM View.Gui.Mapper endTurn
INFO: End turn
Jul 11, 2020 5:20:26 AM Controller.PlayerController signIn
INFO: sign_in r
Jul 11, 2020 5:20:29 AM Controller.Administer writeLog
INFO: Navigate into play page
Jul 11, 2020 5:23:14 AM Controller.PlayerController signIn
INFO: sign_in r
Jul 11, 2020 5:23:15 AM Controller.Administer writeLog
INFO: Navigate into play page
Jul 11, 2020 5:24:43 AM Controller.PlayerController signIn
INFO: sign_in r
Jul 11, 2020 5:24:44 AM Controller.Administer writeLog
INFO: Navigate into play page
Jul 11, 2020 5:26:39 AM Controller.PlayerController signIn
INFO: sign_in r
Jul 11, 2020 5:26:42 AM Controller.Administer writeLog
INFO: Navigate into play page
Jul 11, 2020 5:27:57 AM Controller.PlayerController signIn
INFO: sign_in r
Jul 11, 2020 5:27:59 AM Controller.Administer writeLog
INFO: Navigate into play page
Jul 11, 2020 5:30:24 AM Controller.PlayerController signIn
INFO: sign_in r
Jul 11, 2020 5:30:27 AM Controller.Administer writeLog
INFO: Navigate into play page
Jul 11, 2020 5:31:17 AM Controller.PlayerController signIn
INFO: sign_in r
Jul 11, 2020 5:31:20 AM Controller.Administer writeLog
INFO: Navigate into play page
Jul 11, 2020 5:31:57 AM Controller.PlayerController signIn
INFO: sign_in r
Jul 11, 2020 5:31:59 AM Controller.Administer writeLog
INFO: Navigate into play page
Jul 11, 2020 5:32:30 AM Controller.PlayerController signIn
INFO: sign_in r
Jul 11, 2020 5:32:31 AM Controller.Administer writeLog
INFO: Navigate into play page
Jul 11, 2020 5:32:55 AM Controller.Administer writeLog
INFO: Navigate into status page
Jul 11, 2020 5:32:56 AM Controller.Administer writeLog
INFO: Go back from status page
Jul 11, 2020 5:32:57 AM Controller.Administer writeLog
INFO: Navigate into collection page
Jul 11, 2020 5:33:15 AM Controller.Administer writeLog
INFO: Go back from collection page
Jul 11, 2020 5:33:17 AM Controller.Administer writeLog
INFO: Navigate into shop page
Jul 11, 2020 5:33:20 AM Controller.Administer writeLog
INFO: Show buyable cards
Jul 11, 2020 5:33:44 AM Controller.Administer writeLog
INFO: Back from shop page
Jul 11, 2020 5:33:45 AM Controller.Administer writeLog
INFO: Navigate into shop page
Jul 11, 2020 5:33:47 AM Controller.Administer writeLog
INFO: Show buyable cards
Jul 11, 2020 5:37:02 AM Controller.PlayerController signIn
INFO: sign_in r
Jul 11, 2020 5:37:58 AM Controller.Administer writeLog
INFO: Navigate into shop page
Jul 11, 2020 5:38:01 AM Controller.Administer writeLog
INFO: Show buyable cards
Jul 11, 2020 5:38:10 AM Controller.Administer writeLog
INFO: Show salable cards
Jul 11, 2020 5:38:13 AM Controller.Administer writeLog
INFO: Show buyable cards
Jul 11, 2020 5:38:35 AM Controller.PlayerController signIn
INFO: sign_in r
Jul 11, 2020 5:38:38 AM Controller.Administer writeLog
INFO: Navigate into shop page
Jul 11, 2020 5:38:41 AM Controller.Administer writeLog
INFO: Show buyable cards
Jul 11, 2020 5:38:52 AM Models.Player.Player buy
INFO: Buy: Dreadscale
Jul 11, 2020 5:38:53 AM Models.Player.Player buy
INFO: Buy Dreadscale
Jul 11, 2020 5:38:58 AM Controller.Administer writeLog
INFO: Show salable cards
Jul 11, 2020 5:39:00 AM Controller.Administer writeLog
INFO: Show buyable cards
Jul 11, 2020 5:42:35 AM Controller.PlayerController signIn
INFO: sign_in r
Jul 11, 2020 5:42:37 AM Controller.Administer writeLog
INFO: Navigate into shop page
Jul 11, 2020 5:42:39 AM Controller.Administer writeLog
INFO: Show salable cards
Jul 11, 2020 5:42:49 AM Controller.Administer writeLog
INFO: Show buyable cards
Jul 11, 2020 5:43:16 AM Controller.Administer writeLog
INFO: Back from shop page
Jul 11, 2020 5:44:36 AM Controller.PlayerController signIn
INFO: sign_in r
Jul 11, 2020 5:44:38 AM Controller.Administer writeLog
INFO: Navigate into shop page
Jul 11, 2020 5:45:20 AM Controller.Administer writeLog
INFO: Show buyable cards
Jul 11, 2020 5:46:58 AM Controller.PlayerController signIn
INFO: sign_in r
Jul 11, 2020 5:47:01 AM Controller.Administer writeLog
INFO: Navigate into collection page
Jul 11, 2020 5:47:03 AM Controller.Administer writeLog
INFO: Go back from collection page
Jul 11, 2020 5:47:05 AM Controller.Administer writeLog
INFO: Navigate into collection page
Jul 11, 2020 5:47:07 AM Controller.Administer showCardsOnCardPanelWithSpecifiedClass
INFO: Show Hunter cards
Jul 11, 2020 5:47:10 AM Controller.Administer showCardsOnCardPanelWithSpecifiedClass
INFO: Show Neutral cards
Jul 11, 2020 5:47:15 AM Controller.Administer writeLog
INFO: Go back from collection page
Jul 11, 2020 5:47:22 AM Controller.Administer writeLog
INFO: Navigate into shop page
Jul 11, 2020 5:47:24 AM Controller.Administer writeLog
INFO: Show buyable cards
Jul 11, 2020 5:47:45 AM Controller.PlayerController signIn
INFO: sign_in r
Jul 11, 2020 5:47:47 AM Controller.Administer writeLog
INFO: Navigate into shop page
Jul 11, 2020 5:47:49 AM Controller.Administer writeLog
INFO: Show buyable cards
Jul 11, 2020 5:52:40 AM Controller.PlayerController signIn
INFO: sign_in r
Jul 11, 2020 5:52:46 AM Controller.Administer writeLog
INFO: Navigate into collection page
Jul 11, 2020 5:52:58 AM Controller.Administer showCardsOnCardPanelWithSpecifiedClass
INFO: Show Neutral cards
Jul 11, 2020 5:53:14 AM Controller.Administer writeLog
INFO: Make new Deck
Jul 11, 2020 5:53:17 AM Controller.Administer selectMainDeck
INFO: select Quest for main deck
Jul 11, 2020 5:53:19 AM View.Gui.Panels.CollectionPages.DeckViewer done
INFO: Changed deck Quest
Jul 11, 2020 5:53:21 AM Controller.Administer writeLog
INFO: Go back from collection page
Jul 11, 2020 5:53:23 AM Controller.Administer writeLog
INFO: Navigate into play page
Jul 11, 2020 5:53:36 AM View.Gui.Mapper endTurn
INFO: End turn
Jul 11, 2020 5:53:38 AM View.Gui.Mapper endTurn
INFO: End turn
Jul 11, 2020 5:53:42 AM View.Gui.Mapper playCard
INFO: PlaySpell_QuestAndReward
Jul 11, 2020 6:04:34 AM Controller.PlayerController signIn
INFO: sign_in r
Jul 11, 2020 6:04:38 AM Controller.Administer writeLog
INFO: Navigate into play page
Jul 11, 2020 6:04:47 AM Controller.Administer writeLog
INFO: Navigate into collection page
Jul 11, 2020 6:04:54 AM Controller.Administer showCardsOnCardPanelWithSpecifiedClass
INFO: Show Neutral cards
Jul 11, 2020 6:05:14 AM Controller.Administer selectMainDeck
INFO: select Quest for main deck
Jul 11, 2020 6:05:16 AM Controller.Administer writeLog
INFO: Make new Deck
Jul 11, 2020 6:05:17 AM Controller.Administer writeLog
INFO: Go back from collection page
Jul 11, 2020 6:05:18 AM Controller.PlayerController logOut
INFO: Log_out r
Jul 11, 2020 6:05:52 AM Controller.PlayerController signIn
INFO: sign_in r
Jul 11, 2020 6:05:55 AM Controller.Administer writeLog
INFO: Navigate into play page
Jul 11, 2020 6:06:08 AM View.Gui.Mapper endTurn
INFO: End turn
Jul 11, 2020 6:06:10 AM View.Gui.Mapper endTurn
INFO: End turn
Jul 11, 2020 6:06:19 AM View.Gui.Mapper endTurn
INFO: End turn
Jul 11, 2020 6:06:23 AM View.Gui.Mapper endTurn
INFO: End turn
Jul 11, 2020 6:06:26 AM View.Gui.Mapper endTurn
INFO: End turn
Jul 11, 2020 6:06:29 AM View.Gui.Mapper endTurn
INFO: End turn
Jul 11, 2020 6:06:32 AM View.Gui.Mapper endTurn
INFO: End turn
Jul 11, 2020 6:06:37 AM View.Gui.Mapper endTurn
INFO: End turn
Jul 11, 2020 6:06:42 AM View.Gui.Mapper playCard
INFO: PlaySpell
Jul 11, 2020 6:06:47 AM View.Gui.Mapper playCard
INFO: PlaySpell_QuestAndReward
Jul 11, 2020 6:08:26 AM Controller.PlayerController signIn
INFO: sign_in r
Jul 11, 2020 6:08:28 AM Controller.Administer writeLog
INFO: Navigate into play page
Jul 11, 2020 6:08:38 AM View.Gui.Mapper playCard
INFO: PlaySpell
Jul 11, 2020 6:08:47 AM View.Gui.Mapper endTurn
INFO: End turn
Jul 11, 2020 6:08:51 AM View.Gui.Mapper endTurn
INFO: End turn
Jul 11, 2020 6:08:57 AM View.Gui.Mapper endTurn
INFO: End turn
Jul 11, 2020 6:09:01 AM View.Gui.Mapper endTurn
INFO: End turn
Jul 11, 2020 6:09:05 AM View.Gui.Mapper endTurn
INFO: End turn
Jul 11, 2020 6:09:07 AM View.Gui.Mapper endTurn
INFO: End turn
Jul 11, 2020 6:09:14 AM Controller.Administer writeLog
INFO: Navigate into collection page
Jul 11, 2020 6:09:16 AM Controller.Administer writeLog
INFO: Go back from collection page
Jul 11, 2020 6:09:17 AM Controller.Administer writeLog
INFO: Navigate into play page
Jul 11, 2020 6:09:24 AM View.Gui.Mapper playCard
INFO: PlaySpell_QuestAndReward
Jul 11, 2020 6:09:29 AM View.Gui.Mapper endTurn
INFO: End turn
Jul 11, 2020 6:09:32 AM View.Gui.Mapper endTurn
INFO: End turn
Jul 11, 2020 6:09:37 AM View.Gui.Mapper playCard
INFO: PlaySpell
