Apr 19, 2020 9:00:15 PM CommandLineInterface.PlayerManagement signUp
INFO: USER: sss
Apr 19, 2020 9:00:15 PM CommandLineInterface.PlayerManagement signUp
INFO: CREATED_AT:2020/04/19 21:00:15
Apr 19, 2020 9:00:15 PM CommandLineInterface.PlayerManagement signUp
INFO: PASSWORD: sss
Apr 19, 2020 9:00:15 PM CommandLineInterface.PlayerManagement signUp
INFO: sign_up sss
Apr 19, 2020 9:00:22 PM CommandLineInterface.PlayerManagement logOut
INFO: Log_out sss
Apr 19, 2020 9:01:26 PM CommandLineInterface.PlayerManagement signIn
INFO: sign_in sss
Apr 19, 2020 9:11:04 PM CommandLineInterface.PlayerManagement signIn
INFO: sign_in sss
Apr 19, 2020 9:19:38 PM CommandLineInterface.PlayerManagement signIn
INFO: sign_in sss
Apr 19, 2020 9:23:21 PM CommandLineInterface.PlayerManagement signIn
INFO: sign_in sss
Apr 19, 2020 9:25:03 PM CommandLineInterface.PlayerManagement signIn
INFO: sign_in sss
Apr 19, 2020 9:26:12 PM CommandLineInterface.PlayerManagement signIn
INFO: sign_in sss
Apr 19, 2020 9:32:08 PM CommandLineInterface.PlayerManagement signIn
INFO: sign_in sss
Apr 19, 2020 9:32:53 PM CommandLineInterface.PlayerManagement signIn
INFO: sign_in sss
Apr 19, 2020 9:33:17 PM CommandLineInterface.PlayerManagement signIn
INFO: sign_in sss
Apr 19, 2020 9:37:01 PM CommandLineInterface.PlayerManagement signIn
INFO: sign_in sss
Apr 19, 2020 9:46:32 PM CommandLineInterface.PlayerManagement signIn
INFO: sign_in sss
Apr 19, 2020 9:47:30 PM CommandLineInterface.PlayerManagement signIn
INFO: sign_in sss
Apr 19, 2020 10:07:11 PM CommandLineInterface.PlayerManagement signIn
INFO: sign_in sss
Apr 19, 2020 10:07:51 PM CommandLineInterface.PlayerManagement signIn
INFO: sign_in sss
Apr 19, 2020 10:08:17 PM CommandLineInterface.PlayerManagement signIn
INFO: sign_in sss
Apr 19, 2020 10:08:45 PM CommandLineInterface.PlayerManagement signIn
INFO: sign_in sss
Apr 19, 2020 10:09:50 PM CommandLineInterface.PlayerManagement signIn
INFO: sign_in sss
Apr 19, 2020 10:10:38 PM CommandLineInterface.PlayerManagement signIn
INFO: sign_in sss
Apr 19, 2020 10:11:02 PM CommandLineInterface.PlayerManagement signIn
INFO: sign_in sss
Apr 19, 2020 10:11:53 PM CommandLineInterface.PlayerManagement signIn
INFO: sign_in sss
Apr 19, 2020 10:13:16 PM CommandLineInterface.PlayerManagement signIn
INFO: sign_in sss
Apr 19, 2020 10:14:06 PM CommandLineInterface.PlayerManagement signIn
INFO: sign_in sss
Apr 19, 2020 11:07:50 PM CommandLineInterface.PlayerManagement signIn
INFO: sign_in sss
Apr 19, 2020 11:33:41 PM CommandLineInterface.PlayerManagement signIn
INFO: sign_in sss
Apr 19, 2020 11:43:09 PM CommandLineInterface.PlayerManagement signIn
INFO: sign_in sss
Apr 20, 2020 12:01:17 AM CommandLineInterface.PlayerManagement signIn
INFO: sign_in sss
Apr 20, 2020 12:22:41 PM CommandLineInterface.PlayerManagement signIn
INFO: sign_in sss
Apr 20, 2020 12:25:56 PM CommandLineInterface.PlayerManagement signIn
INFO: sign_in sss
Apr 20, 2020 12:27:07 PM CommandLineInterface.PlayerManagement signIn
INFO: sign_in sss
Apr 20, 2020 12:27:44 PM CommandLineInterface.PlayerManagement signIn
INFO: sign_in sss
Apr 20, 2020 12:31:43 PM CommandLineInterface.PlayerManagement signIn
INFO: sign_in sss
Apr 20, 2020 12:32:48 PM CommandLineInterface.PlayerManagement signIn
INFO: sign_in sss
Apr 20, 2020 12:35:01 PM CommandLineInterface.PlayerManagement signIn
INFO: sign_in sss
Apr 20, 2020 12:38:59 PM CommandLineInterface.PlayerManagement signIn
INFO: sign_in sss
Apr 20, 2020 12:40:02 PM CommandLineInterface.PlayerManagement signIn
INFO: sign_in sss
Apr 20, 2020 12:40:24 PM CommandLineInterface.PlayerManagement signIn
INFO: sign_in sss
Apr 20, 2020 12:41:07 PM CommandLineInterface.PlayerManagement signIn
INFO: sign_in sss
Apr 20, 2020 12:41:49 PM CommandLineInterface.PlayerManagement signIn
INFO: sign_in sss
Apr 20, 2020 12:42:24 PM CommandLineInterface.PlayerManagement signIn
INFO: sign_in sss
Apr 20, 2020 12:43:53 PM CommandLineInterface.PlayerManagement signIn
INFO: sign_in sss
Apr 20, 2020 12:44:34 PM CommandLineInterface.PlayerManagement signIn
INFO: sign_in sss
Apr 21, 2020 1:01:15 AM CommandLineInterface.PlayerManagement signIn
INFO: sign_in sss
Apr 21, 2020 1:01:38 AM CommandLineInterface.PlayerManagement signIn
INFO: sign_in sss
Apr 21, 2020 1:02:15 AM CommandLineInterface.PlayerManagement signIn
INFO: sign_in sss
Apr 21, 2020 1:03:21 AM CommandLineInterface.PlayerManagement signIn
INFO: sign_in sss
Apr 21, 2020 1:24:54 AM CommandLineInterface.PlayerManagement signIn
INFO: sign_in sss
Apr 21, 2020 1:27:06 AM CommandLineInterface.PlayerManagement signIn
INFO: sign_in sss
Apr 21, 2020 1:31:46 AM CommandLineInterface.PlayerManagement signIn
INFO: sign_in sss
Apr 21, 2020 1:32:27 AM CommandLineInterface.PlayerManagement signIn
INFO: sign_in sss
Apr 21, 2020 1:32:47 AM CommandLineInterface.PlayerManagement logOut
INFO: Log_out sss
Apr 21, 2020 1:40:00 AM CommandLineInterface.PlayerManagement signIn
INFO: sign_in sss
Apr 21, 2020 1:49:18 AM CommandLineInterface.PlayerManagement signIn
INFO: sign_in sss
Apr 21, 2020 2:06:38 AM CommandLineInterface.PlayerManagement signIn
INFO: sign_in sss
Apr 21, 2020 2:07:31 AM CommandLineInterface.PlayerManagement signIn
INFO: sign_in sss
Apr 21, 2020 2:10:07 AM CommandLineInterface.PlayerManagement signIn
INFO: sign_in sss
Apr 21, 2020 2:10:47 AM CommandLineInterface.PlayerManagement signIn
INFO: sign_in sss
Apr 21, 2020 2:11:21 AM CommandLineInterface.PlayerManagement signIn
INFO: sign_in sss
Apr 21, 2020 2:36:46 AM CommandLineInterface.PlayerManagement signIn
INFO: sign_in sss
Apr 21, 2020 2:47:06 AM CommandLineInterface.PlayerManagement signIn
INFO: sign_in sss
Apr 21, 2020 2:49:30 AM CommandLineInterface.PlayerManagement signIn
INFO: sign_in sss
Apr 21, 2020 2:51:08 AM CommandLineInterface.PlayerManagement signIn
INFO: sign_in sss
Apr 21, 2020 3:17:15 AM CommandLineInterface.PlayerManagement signIn
INFO: sign_in sss
Apr 21, 2020 3:33:47 AM CommandLineInterface.PlayerManagement signIn
INFO: sign_in sss
Apr 21, 2020 3:34:44 AM CommandLineInterface.PlayerManagement signIn
INFO: sign_in sss
Apr 21, 2020 3:41:10 AM CommandLineInterface.PlayerManagement signUp
INFO: USER: sss
Apr 21, 2020 3:41:10 AM CommandLineInterface.PlayerManagement signUp
INFO: CREATED_AT:2020/04/21 03:41:10
Apr 21, 2020 3:41:10 AM CommandLineInterface.PlayerManagement signUp
INFO: PASSWORD: sss
Apr 21, 2020 3:41:10 AM CommandLineInterface.PlayerManagement signUp
INFO: sign_up sss
Apr 21, 2020 3:42:54 AM CommandLineInterface.PlayerManagement signUp
INFO: USER: sss
Apr 21, 2020 3:42:54 AM CommandLineInterface.PlayerManagement signUp
INFO: CREATED_AT:2020/04/21 03:42:54
Apr 21, 2020 3:42:54 AM CommandLineInterface.PlayerManagement signUp
INFO: PASSWORD: sss
Apr 21, 2020 3:42:54 AM CommandLineInterface.PlayerManagement signUp
INFO: sign_up sss
Apr 21, 2020 3:43:04 AM CommandLineInterface.PlayerManagement logOut
INFO: Log_out sss
Apr 21, 2020 3:47:55 AM CommandLineInterface.PlayerManagement signIn
INFO: sign_in sss
Apr 21, 2020 3:48:15 AM CommandLineInterface.PlayerManagement logOut
INFO: Log_out sss
Apr 21, 2020 4:21:15 AM CommandLineInterface.PlayerManagement signUp
INFO: USER: sss
Apr 21, 2020 4:21:15 AM CommandLineInterface.PlayerManagement signUp
INFO: CREATED_AT:2020/04/21 04:21:15
Apr 21, 2020 4:21:15 AM CommandLineInterface.PlayerManagement signUp
INFO: PASSWORD: sss
Apr 21, 2020 4:21:15 AM CommandLineInterface.PlayerManagement signUp
INFO: sign_up sss
Apr 21, 2020 4:21:22 AM CommandLineInterface.PlayerManagement logOut
INFO: Log_out sss
Apr 21, 2020 4:21:32 AM CommandLineInterface.PlayerManagement signIn
INFO: sign_in sss
Apr 21, 2020 4:21:43 AM CommandLineInterface.PlayerManagement logOut
INFO: Log_out sss
Apr 21, 2020 4:22:27 AM CommandLineInterface.PlayerManagement signIn
INFO: sign_in sss
Apr 21, 2020 4:22:37 AM CommandLineInterface.PlayerManagement logOut
INFO: Log_out sss
Apr 21, 2020 4:24:35 AM CommandLineInterface.PlayerManagement signIn
INFO: sign_in sss
Apr 21, 2020 4:24:45 AM CommandLineInterface.PlayerManagement logOut
INFO: Log_out sss
Apr 21, 2020 4:37:27 PM CommandLineInterface.PlayerManagement signIn
INFO: sign_in sss
Apr 21, 2020 4:40:30 PM CommandLineInterface.PlayerManagement signIn
INFO: sign_in sss
Apr 21, 2020 4:42:11 PM CommandLineInterface.PlayerManagement signIn
INFO: sign_in sss
Apr 21, 2020 4:44:05 PM CommandLineInterface.PlayerManagement signIn
INFO: sign_in sss
Apr 21, 2020 4:47:41 PM CommandLineInterface.PlayerManagement signIn
INFO: sign_in sss
Apr 21, 2020 4:50:22 PM CommandLineInterface.PlayerManagement signIn
INFO: sign_in sss
Apr 21, 2020 4:55:58 PM CommandLineInterface.PlayerManagement signIn
INFO: sign_in sss
Apr 21, 2020 4:57:51 PM CommandLineInterface.PlayerManagement signIn
INFO: sign_in sss
Apr 21, 2020 4:58:52 PM CommandLineInterface.PlayerManagement signIn
INFO: sign_in sss
Apr 21, 2020 4:59:59 PM CommandLineInterface.PlayerManagement signIn
INFO: sign_in sss
Apr 21, 2020 5:07:27 PM CommandLineInterface.PlayerManagement signIn
INFO: sign_in sss
Apr 21, 2020 5:09:21 PM CommandLineInterface.PlayerManagement signIn
INFO: sign_in sss
Apr 21, 2020 5:11:21 PM CommandLineInterface.PlayerManagement signIn
INFO: sign_in sss
Apr 21, 2020 5:11:38 PM CommandLineInterface.PlayerManagement logOut
INFO: Log_out sss
Apr 21, 2020 5:13:13 PM CommandLineInterface.PlayerManagement signIn
INFO: sign_in sss
Apr 21, 2020 5:14:07 PM CommandLineInterface.PlayerManagement logOut
INFO: Log_out sss
Apr 21, 2020 5:18:46 PM CommandLineInterface.PlayerManagement signIn
INFO: sign_in sss
Apr 21, 2020 5:27:54 PM CommandLineInterface.PlayerManagement signIn
INFO: sign_in sss
Apr 21, 2020 5:29:14 PM CommandLineInterface.PlayerManagement signIn
INFO: sign_in sss
Apr 21, 2020 5:33:27 PM CommandLineInterface.PlayerManagement signIn
INFO: sign_in sss
Apr 21, 2020 5:33:57 PM CommandLineInterface.PlayerManagement signIn
INFO: sign_in sss
Apr 21, 2020 5:41:10 PM CommandLineInterface.PlayerManagement signIn
INFO: sign_in sss
Apr 21, 2020 5:52:46 PM CommandLineInterface.PlayerManagement signIn
INFO: sign_in sss
Apr 21, 2020 5:56:10 PM CommandLineInterface.PlayerManagement signIn
INFO: sign_in sss
Apr 21, 2020 6:03:23 PM CommandLineInterface.PlayerManagement signIn
INFO: sign_in sss
Apr 21, 2020 6:54:13 PM CommandLineInterface.PlayerManagement signIn
INFO: sign_in sss
Apr 21, 2020 6:55:40 PM CommandLineInterface.PlayerManagement signIn
INFO: sign_in sss
Apr 21, 2020 7:23:37 PM CommandLineInterface.PlayerManagement signIn
INFO: sign_in sss
Apr 21, 2020 8:10:38 PM CommandLineInterface.PlayerManagement signIn
INFO: sign_in sss
Apr 21, 2020 8:13:49 PM CommandLineInterface.PlayerManagement signIn
INFO: sign_in sss
Apr 21, 2020 8:14:30 PM CommandLineInterface.PlayerManagement signIn
INFO: sign_in sss
Apr 21, 2020 8:15:32 PM CommandLineInterface.PlayerManagement signIn
INFO: sign_in sss
Apr 21, 2020 8:16:42 PM CommandLineInterface.PlayerManagement signIn
INFO: sign_in sss
Apr 21, 2020 8:17:47 PM CommandLineInterface.PlayerManagement signIn
INFO: sign_in sss
Apr 21, 2020 8:18:22 PM CommandLineInterface.PlayerManagement signIn
INFO: sign_in sss
Apr 21, 2020 8:19:05 PM CommandLineInterface.PlayerManagement signIn
INFO: sign_in sss
Apr 21, 2020 8:24:26 PM CommandLineInterface.PlayerManagement signIn
INFO: sign_in sss
Apr 21, 2020 8:35:26 PM CommandLineInterface.PlayerManagement signIn
INFO: sign_in sss
Apr 21, 2020 8:36:02 PM CommandLineInterface.PlayerManagement signIn
INFO: sign_in sss
Apr 21, 2020 8:36:38 PM CommandLineInterface.PlayerManagement signIn
INFO: sign_in sss
Apr 21, 2020 8:42:36 PM CommandLineInterface.PlayerManagement signIn
INFO: sign_in sss
Apr 21, 2020 8:43:47 PM CommandLineInterface.PlayerManagement signIn
INFO: sign_in sss
Apr 21, 2020 8:45:36 PM CommandLineInterface.PlayerManagement signIn
INFO: sign_in sss
Apr 21, 2020 8:48:09 PM CommandLineInterface.PlayerManagement signIn
INFO: sign_in sss
Apr 21, 2020 8:51:02 PM CommandLineInterface.PlayerManagement signIn
INFO: sign_in sss
Apr 21, 2020 8:52:06 PM CommandLineInterface.PlayerManagement signIn
INFO: sign_in sss
Apr 21, 2020 8:53:52 PM CommandLineInterface.PlayerManagement signIn
INFO: sign_in sss
Apr 21, 2020 8:55:17 PM CommandLineInterface.PlayerManagement signIn
INFO: sign_in sss
Apr 21, 2020 9:02:07 PM CommandLineInterface.PlayerManagement signIn
INFO: sign_in sss
Apr 21, 2020 9:05:53 PM CommandLineInterface.PlayerManagement signIn
INFO: sign_in sss
Apr 21, 2020 9:07:58 PM CommandLineInterface.PlayerManagement signIn
INFO: sign_in sss
Apr 21, 2020 9:09:00 PM CommandLineInterface.PlayerManagement signIn
INFO: sign_in sss
Apr 21, 2020 9:18:29 PM CommandLineInterface.PlayerManagement signIn
INFO: sign_in sss
Apr 21, 2020 9:19:05 PM CommandLineInterface.PlayerManagement signIn
INFO: sign_in sss
Apr 21, 2020 9:21:15 PM CommandLineInterface.PlayerManagement signIn
INFO: sign_in sss
Apr 21, 2020 9:21:43 PM CommandLineInterface.PlayerManagement signIn
INFO: sign_in sss
Apr 21, 2020 9:22:19 PM CommandLineInterface.PlayerManagement signIn
INFO: sign_in sss
Apr 21, 2020 11:05:29 PM CommandLineInterface.PlayerManagement signIn
INFO: sign_in sss
Apr 21, 2020 11:06:45 PM CommandLineInterface.PlayerManagement signIn
INFO: sign_in sss
Apr 21, 2020 11:07:11 PM CommandLineInterface.PlayerManagement signIn
INFO: sign_in sss
Apr 21, 2020 11:07:58 PM CommandLineInterface.PlayerManagement signIn
INFO: sign_in sss
Apr 21, 2020 11:09:49 PM CommandLineInterface.PlayerManagement signIn
INFO: sign_in sss
Apr 21, 2020 11:11:11 PM CommandLineInterface.PlayerManagement signIn
INFO: sign_in sss
Apr 21, 2020 11:26:49 PM CommandLineInterface.PlayerManagement signIn
INFO: sign_in sss
Apr 21, 2020 11:28:27 PM CommandLineInterface.PlayerManagement signIn
INFO: sign_in sss
Apr 21, 2020 11:29:22 PM CommandLineInterface.PlayerManagement signIn
INFO: sign_in sss
Apr 21, 2020 11:30:37 PM CommandLineInterface.PlayerManagement signIn
INFO: sign_in sss
Apr 21, 2020 11:36:19 PM CommandLineInterface.PlayerManagement signIn
INFO: sign_in sss
Apr 21, 2020 11:38:12 PM CommandLineInterface.PlayerManagement signIn
INFO: sign_in sss
Apr 21, 2020 11:43:07 PM CommandLineInterface.PlayerManagement signIn
INFO: sign_in sss
Apr 21, 2020 11:43:58 PM CommandLineInterface.PlayerManagement signIn
INFO: sign_in sss
Apr 21, 2020 11:46:58 PM CommandLineInterface.PlayerManagement signIn
INFO: sign_in sss
Apr 21, 2020 11:48:37 PM CommandLineInterface.PlayerManagement signIn
INFO: sign_in sss
Apr 21, 2020 11:49:20 PM CommandLineInterface.PlayerManagement signIn
INFO: sign_in sss
Apr 21, 2020 11:51:08 PM CommandLineInterface.PlayerManagement signIn
INFO: sign_in sss
Apr 21, 2020 11:52:44 PM CommandLineInterface.PlayerManagement signIn
INFO: sign_in sss
Apr 21, 2020 11:53:30 PM CommandLineInterface.PlayerManagement signIn
INFO: sign_in sss
Apr 21, 2020 11:55:37 PM CommandLineInterface.PlayerManagement signIn
INFO: sign_in sss
Apr 21, 2020 11:57:26 PM CommandLineInterface.PlayerManagement signIn
INFO: sign_in sss
Apr 21, 2020 11:57:48 PM CommandLineInterface.PlayerManagement signIn
INFO: sign_in sss
Apr 22, 2020 12:09:35 AM CommandLineInterface.PlayerManagement signIn
INFO: sign_in sss
Apr 22, 2020 12:10:43 AM CommandLineInterface.PlayerManagement signIn
INFO: sign_in sss
Apr 22, 2020 12:11:23 AM CommandLineInterface.PlayerManagement signIn
INFO: sign_in sss
Apr 22, 2020 12:12:10 AM CommandLineInterface.PlayerManagement signIn
INFO: sign_in sss
Apr 22, 2020 12:13:44 AM CommandLineInterface.PlayerManagement signIn
INFO: sign_in sss
Apr 22, 2020 12:15:18 AM CommandLineInterface.PlayerManagement signIn
INFO: sign_in sss
Apr 22, 2020 12:22:24 AM CommandLineInterface.PlayerManagement signIn
INFO: sign_in sss
Apr 22, 2020 12:22:59 AM CommandLineInterface.PlayerManagement signIn
INFO: sign_in sss
Apr 22, 2020 12:24:54 AM CommandLineInterface.PlayerManagement signIn
INFO: sign_in sss
Apr 22, 2020 12:26:00 AM CommandLineInterface.PlayerManagement signIn
INFO: sign_in sss
Apr 22, 2020 12:33:11 AM CommandLineInterface.PlayerManagement signIn
INFO: sign_in sss
Apr 22, 2020 12:34:14 AM CommandLineInterface.PlayerManagement signIn
INFO: sign_in sss
Apr 22, 2020 12:35:37 AM CommandLineInterface.PlayerManagement signIn
INFO: sign_in sss
Apr 22, 2020 12:45:46 AM CommandLineInterface.PlayerManagement signIn
INFO: sign_in sss
Apr 22, 2020 1:01:36 AM CommandLineInterface.PlayerManagement signIn
INFO: sign_in sss
Apr 22, 2020 1:05:24 AM CommandLineInterface.PlayerManagement signIn
INFO: sign_in sss
Apr 22, 2020 1:09:25 AM CommandLineInterface.PlayerManagement signIn
INFO: sign_in sss
Apr 22, 2020 1:10:32 AM CommandLineInterface.PlayerManagement signIn
INFO: sign_in sss
Apr 22, 2020 1:19:02 AM CommandLineInterface.PlayerManagement signIn
INFO: sign_in sss
Apr 22, 2020 1:25:08 AM CommandLineInterface.PlayerManagement signIn
INFO: sign_in sss
Apr 22, 2020 1:26:04 AM CommandLineInterface.PlayerManagement signIn
INFO: sign_in sss
Apr 22, 2020 1:27:57 AM CommandLineInterface.PlayerManagement signIn
INFO: sign_in sss
Apr 22, 2020 1:29:55 AM CommandLineInterface.PlayerManagement signIn
INFO: sign_in sss
Apr 22, 2020 1:30:32 AM CommandLineInterface.PlayerManagement signIn
INFO: sign_in sss
Apr 22, 2020 1:45:33 AM CommandLineInterface.PlayerManagement signIn
INFO: sign_in sss
Apr 22, 2020 1:46:22 AM CommandLineInterface.PlayerManagement signIn
INFO: sign_in sss
Apr 22, 2020 1:48:23 AM CommandLineInterface.PlayerManagement signIn
INFO: sign_in sss
Apr 22, 2020 1:50:30 AM CommandLineInterface.PlayerManagement signIn
INFO: sign_in sss
Apr 22, 2020 1:51:58 AM CommandLineInterface.PlayerManagement signIn
INFO: sign_in sss
Apr 22, 2020 1:58:20 AM CommandLineInterface.PlayerManagement signIn
INFO: sign_in sss
Apr 22, 2020 3:13:28 AM CommandLineInterface.PlayerManagement signIn
INFO: sign_in sss
Apr 22, 2020 3:17:19 AM CommandLineInterface.PlayerManagement signIn
INFO: sign_in sss
Apr 22, 2020 3:18:56 AM CommandLineInterface.PlayerManagement signIn
INFO: sign_in sss
Apr 22, 2020 3:20:44 AM CommandLineInterface.PlayerManagement signIn
INFO: sign_in sss
Apr 22, 2020 3:24:30 AM CommandLineInterface.PlayerManagement signIn
INFO: sign_in sss
Apr 22, 2020 3:25:44 AM CommandLineInterface.PlayerManagement signIn
INFO: sign_in sss
Apr 22, 2020 3:30:47 AM CommandLineInterface.PlayerManagement signIn
INFO: sign_in sss
Apr 22, 2020 3:34:03 AM CommandLineInterface.PlayerManagement signIn
INFO: sign_in sss
Apr 22, 2020 3:35:53 AM CommandLineInterface.PlayerManagement logOut
INFO: Log_out sss
Apr 22, 2020 3:38:07 AM CommandLineInterface.PlayerManagement signIn
INFO: sign_in sss
Apr 22, 2020 3:41:11 AM CommandLineInterface.PlayerManagement signIn
INFO: sign_in sss
Apr 22, 2020 3:53:32 AM CommandLineInterface.PlayerManagement signIn
INFO: sign_in sss
Apr 22, 2020 3:57:03 AM CommandLineInterface.PlayerManagement signIn
INFO: sign_in sss
Apr 22, 2020 3:57:52 AM CommandLineInterface.PlayerManagement signIn
INFO: sign_in sss
Apr 22, 2020 3:58:06 AM CommandLineInterface.PlayerManagement logOut
INFO: Log_out sss
Apr 22, 2020 3:59:40 AM CommandLineInterface.PlayerManagement signIn
INFO: sign_in sss
Apr 22, 2020 4:04:53 AM CommandLineInterface.PlayerManagement logOut
INFO: Log_out sss
Apr 22, 2020 4:07:33 AM CommandLineInterface.PlayerManagement signIn
INFO: sign_in sss
Apr 22, 2020 4:11:28 AM CommandLineInterface.PlayerManagement logOut
INFO: Log_out sss
Apr 22, 2020 4:20:58 AM CommandLineInterface.PlayerManagement signIn
INFO: sign_in sss
Apr 22, 2020 4:21:50 AM CommandLineInterface.PlayerManagement logOut
INFO: Log_out sss
Apr 22, 2020 4:30:47 AM CommandLineInterface.PlayerManagement signIn
INFO: sign_in sss
Apr 22, 2020 4:38:28 AM CommandLineInterface.PlayerManagement signIn
INFO: sign_in sss
Apr 22, 2020 4:38:53 AM CommandLineInterface.PlayerManagement logOut
INFO: Log_out sss
Apr 22, 2020 4:42:45 AM CommandLineInterface.PlayerManagement signIn
INFO: sign_in sss
Apr 22, 2020 4:44:07 AM CommandLineInterface.PlayerManagement signIn
INFO: sign_in sss
Apr 22, 2020 4:46:27 AM CommandLineInterface.PlayerManagement signIn
INFO: sign_in sss
Apr 22, 2020 4:46:48 AM CommandLineInterface.PlayerManagement logOut
INFO: Log_out sss
Apr 22, 2020 4:47:24 AM CommandLineInterface.PlayerManagement signIn
INFO: sign_in sss
Apr 22, 2020 4:47:34 AM CommandLineInterface.PlayerManagement logOut
INFO: Log_out sss
Apr 22, 2020 4:48:34 AM CommandLineInterface.PlayerManagement signIn
INFO: sign_in sss
Apr 22, 2020 4:48:41 AM CommandLineInterface.PlayerManagement logOut
INFO: Log_out sss
Apr 22, 2020 4:49:11 AM CommandLineInterface.PlayerManagement signIn
INFO: sign_in sss
Apr 22, 2020 4:49:18 AM CommandLineInterface.PlayerManagement logOut
INFO: Log_out sss
Apr 22, 2020 4:51:20 AM CommandLineInterface.PlayerManagement signIn
INFO: sign_in sss
Apr 22, 2020 4:52:27 AM CommandLineInterface.PlayerManagement signIn
INFO: sign_in sss
Apr 22, 2020 4:54:03 AM CommandLineInterface.PlayerManagement signIn
INFO: sign_in sss
Apr 22, 2020 4:55:54 AM CommandLineInterface.PlayerManagement signIn
INFO: sign_in sss
Apr 22, 2020 4:57:58 AM CommandLineInterface.PlayerManagement signIn
INFO: sign_in sss
Apr 22, 2020 5:01:14 AM CommandLineInterface.PlayerManagement signIn
INFO: sign_in sss
Apr 22, 2020 5:01:23 AM CommandLineInterface.PlayerManagement logOut
INFO: Log_out sss
Apr 22, 2020 5:08:19 AM CommandLineInterface.PlayerManagement signIn
INFO: sign_in sss
Apr 22, 2020 5:08:26 AM CommandLineInterface.PlayerManagement logOut
INFO: Log_out sss
Apr 22, 2020 5:09:26 AM CommandLineInterface.PlayerManagement signIn
INFO: sign_in sss
Apr 22, 2020 5:11:12 AM CommandLineInterface.PlayerManagement signIn
INFO: sign_in sss
Apr 22, 2020 5:11:32 AM CommandLineInterface.PlayerManagement logOut
INFO: Log_out sss
Apr 22, 2020 5:12:03 AM CommandLineInterface.PlayerManagement signIn
INFO: sign_in sss
Apr 22, 2020 5:12:55 AM CommandLineInterface.PlayerManagement signIn
INFO: sign_in sss
Apr 22, 2020 5:13:28 AM CommandLineInterface.PlayerManagement signIn
INFO: sign_in sss
Apr 22, 2020 5:14:03 AM CommandLineInterface.PlayerManagement signIn
INFO: sign_in sss
Apr 22, 2020 5:14:50 AM CommandLineInterface.PlayerManagement signIn
INFO: sign_in sss
Apr 22, 2020 5:15:12 AM CommandLineInterface.PlayerManagement signIn
INFO: sign_in sss
Apr 22, 2020 5:16:56 AM CommandLineInterface.PlayerManagement signIn
INFO: sign_in sss
Apr 22, 2020 5:18:08 AM CommandLineInterface.PlayerManagement signIn
INFO: sign_in sss
Apr 22, 2020 5:18:38 AM CommandLineInterface.PlayerManagement signIn
INFO: sign_in sss
Apr 22, 2020 5:19:00 AM CommandLineInterface.PlayerManagement signIn
INFO: sign_in sss
Apr 22, 2020 5:19:29 AM CommandLineInterface.PlayerManagement signIn
INFO: sign_in sss
Apr 22, 2020 5:23:21 AM CommandLineInterface.PlayerManagement signIn
INFO: sign_in sss
