May 03, 2020 12:49:10 AM CommandLineInterface.PlayerManagement signUp
INFO: USER: x
May 03, 2020 12:49:10 AM CommandLineInterface.PlayerManagement signUp
INFO: CREATED_AT:2020/05/03 00:49:10
May 03, 2020 12:49:10 AM CommandLineInterface.PlayerManagement signUp
INFO: PASSWORD: x
May 03, 2020 12:49:10 AM CommandLineInterface.PlayerManagement signUp
INFO: sign_up x
May 03, 2020 12:51:42 AM CommandLineInterface.PlayerManagement signUp
INFO: USER: x
May 03, 2020 12:51:42 AM CommandLineInterface.PlayerManagement signUp
INFO: CREATED_AT:2020/05/03 00:51:42
May 03, 2020 12:51:42 AM CommandLineInterface.PlayerManagement signUp
INFO: PASSWORD: x
May 03, 2020 12:51:42 AM CommandLineInterface.PlayerManagement signUp
INFO: sign_up x
May 03, 2020 12:52:13 AM CommandLineInterface.PlayerManagement signUp
INFO: USER: x
May 03, 2020 12:52:13 AM CommandLineInterface.PlayerManagement signUp
INFO: CREATED_AT:2020/05/03 00:52:13
May 03, 2020 12:52:13 AM CommandLineInterface.PlayerManagement signUp
INFO: PASSWORD: x
May 03, 2020 12:52:13 AM CommandLineInterface.PlayerManagement signUp
INFO: sign_up x
May 03, 2020 12:53:44 AM CommandLineInterface.PlayerManagement signUp
INFO: USER: x
May 03, 2020 12:53:44 AM CommandLineInterface.PlayerManagement signUp
INFO: CREATED_AT:2020/05/03 00:53:44
May 03, 2020 12:53:44 AM CommandLineInterface.PlayerManagement signUp
INFO: PASSWORD: x
May 03, 2020 12:53:44 AM CommandLineInterface.PlayerManagement signUp
INFO: sign_up x
May 03, 2020 12:54:16 AM CommandLineInterface.PlayerManagement signUp
INFO: USER: x
May 03, 2020 12:54:16 AM CommandLineInterface.PlayerManagement signUp
INFO: CREATED_AT:2020/05/03 00:54:16
May 03, 2020 12:54:16 AM CommandLineInterface.PlayerManagement signUp
INFO: PASSWORD: x
May 03, 2020 12:54:16 AM CommandLineInterface.PlayerManagement signUp
INFO: sign_up x
May 03, 2020 1:16:00 AM CommandLineInterface.PlayerManagement signUp
INFO: USER: x
May 03, 2020 1:16:00 AM CommandLineInterface.PlayerManagement signUp
INFO: CREATED_AT:2020/05/03 01:16:00
May 03, 2020 1:16:00 AM CommandLineInterface.PlayerManagement signUp
INFO: PASSWORD: x
May 03, 2020 1:16:00 AM CommandLineInterface.PlayerManagement signUp
INFO: sign_up x
May 03, 2020 1:16:43 AM CommandLineInterface.PlayerManagement signUp
INFO: USER: x
May 03, 2020 1:16:43 AM CommandLineInterface.PlayerManagement signUp
INFO: CREATED_AT:2020/05/03 01:16:43
May 03, 2020 1:16:43 AM CommandLineInterface.PlayerManagement signUp
INFO: PASSWORD: x
May 03, 2020 1:16:43 AM CommandLineInterface.PlayerManagement signUp
INFO: sign_up x
